{"C:\\Users\\Usuario\\Desktop\\pruebaTecnica\\src\\app.ts": {"path":"C:\\Users\\Usuario\\Desktop\\pruebaTecnica\\src\\app.ts","all":false,"statementMap":{"0":{"start":{"line":1,"column":0},"end":{"line":1,"column":37}},"1":{"start":{"line":2,"column":0},"end":{"line":2,"column":50}},"2":{"start":{"line":3,"column":0},"end":{"line":3,"column":47}},"3":{"start":{"line":4,"column":0},"end":{"line":4,"column":0}},"4":{"start":{"line":5,"column":0},"end":{"line":5,"column":31}},"5":{"start":{"line":6,"column":0},"end":{"line":6,"column":11}},"6":{"start":{"line":7,"column":0},"end":{"line":7,"column":8}},"7":{"start":{"line":8,"column":0},"end":{"line":8,"column":5}},"8":{"start":{"line":9,"column":0},"end":{"line":9,"column":0}},"9":{"start":{"line":10,"column":0},"end":{"line":10,"column":0}},"10":{"start":{"line":11,"column":0},"end":{"line":11,"column":20}},"11":{"start":{"line":12,"column":0},"end":{"line":12,"column":17}},"12":{"start":{"line":13,"column":0},"end":{"line":13,"column":30}},"13":{"start":{"line":14,"column":0},"end":{"line":14,"column":20}},"14":{"start":{"line":15,"column":0},"end":{"line":15,"column":28}},"15":{"start":{"line":16,"column":0},"end":{"line":16,"column":5}},"16":{"start":{"line":17,"column":0},"end":{"line":17,"column":16}},"17":{"start":{"line":18,"column":0},"end":{"line":18,"column":1}}},"s":{"0":1,"1":1,"2":1,"3":1,"4":1,"5":1,"6":1,"7":1,"8":1,"9":1,"10":1,"11":1,"12":1,"13":1,"14":1,"15":1,"16":1,"17":1},"branchMap":{"0":{"type":"branch","line":6,"loc":{"start":{"line":6,"column":1},"end":{"line":8,"column":2}},"locations":[{"start":{"line":6,"column":1},"end":{"line":8,"column":2}}]},"1":{"type":"branch","line":6,"loc":{"start":{"line":6,"column":10},"end":{"line":8,"column":2}},"locations":[{"start":{"line":6,"column":10},"end":{"line":8,"column":2}}]},"2":{"type":"branch","line":12,"loc":{"start":{"line":12,"column":0},"end":{"line":18,"column":1}},"locations":[{"start":{"line":12,"column":0},"end":{"line":18,"column":1}}]}},"b":{"0":[1],"1":[1],"2":[1]},"fnMap":{"0":{"name":"main","decl":{"start":{"line":12,"column":0},"end":{"line":18,"column":1}},"loc":{"start":{"line":12,"column":0},"end":{"line":18,"column":1}},"line":12}},"f":{"0":1}}
,"C:\\Users\\Usuario\\Desktop\\pruebaTecnica\\src\\test-server.ts": {"path":"C:\\Users\\Usuario\\Desktop\\pruebaTecnica\\src\\test-server.ts","all":false,"statementMap":{"0":{"start":{"line":1,"column":0},"end":{"line":1,"column":50}},"1":{"start":{"line":2,"column":0},"end":{"line":2,"column":37}},"2":{"start":{"line":3,"column":0},"end":{"line":3,"column":47}},"3":{"start":{"line":4,"column":0},"end":{"line":4,"column":0}},"4":{"start":{"line":5,"column":0},"end":{"line":5,"column":0}},"5":{"start":{"line":6,"column":0},"end":{"line":6,"column":0}},"6":{"start":{"line":7,"column":0},"end":{"line":7,"column":38}},"7":{"start":{"line":8,"column":0},"end":{"line":8,"column":18}},"8":{"start":{"line":9,"column":0},"end":{"line":9,"column":27}},"9":{"start":{"line":10,"column":0},"end":{"line":10,"column":2}}},"s":{"0":1,"1":1,"2":1,"3":1,"4":1,"5":1,"6":1,"7":1,"8":1,"9":1},"branchMap":{},"b":{},"fnMap":{},"f":{}}
,"C:\\Users\\Usuario\\Desktop\\pruebaTecnica\\src\\config\\envs.ts": {"path":"C:\\Users\\Usuario\\Desktop\\pruebaTecnica\\src\\config\\envs.ts","all":false,"statementMap":{"0":{"start":{"line":1,"column":0},"end":{"line":1,"column":23}},"1":{"start":{"line":2,"column":0},"end":{"line":2,"column":30}},"2":{"start":{"line":3,"column":0},"end":{"line":3,"column":0}},"3":{"start":{"line":4,"column":0},"end":{"line":4,"column":0}},"4":{"start":{"line":5,"column":0},"end":{"line":5,"column":21}},"5":{"start":{"line":6,"column":0},"end":{"line":6,"column":0}},"6":{"start":{"line":7,"column":0},"end":{"line":7,"column":19}},"7":{"start":{"line":8,"column":0},"end":{"line":8,"column":46}},"8":{"start":{"line":9,"column":0},"end":{"line":9,"column":0}},"9":{"start":{"line":10,"column":0},"end":{"line":10,"column":1}}},"s":{"0":1,"1":1,"2":1,"3":1,"4":1,"5":1,"6":1,"7":1,"8":1,"9":1},"branchMap":{},"b":{},"fnMap":{},"f":{}}
,"C:\\Users\\Usuario\\Desktop\\pruebaTecnica\\src\\data\\postgres\\index.ts": {"path":"C:\\Users\\Usuario\\Desktop\\pruebaTecnica\\src\\data\\postgres\\index.ts","all":false,"statementMap":{"0":{"start":{"line":1,"column":0},"end":{"line":1,"column":46}},"1":{"start":{"line":2,"column":0},"end":{"line":2,"column":0}},"2":{"start":{"line":3,"column":0},"end":{"line":3,"column":0}},"3":{"start":{"line":4,"column":0},"end":{"line":4,"column":41}}},"s":{"0":1,"1":1,"2":1,"3":1},"branchMap":{},"b":{},"fnMap":{},"f":{}}
,"C:\\Users\\Usuario\\Desktop\\pruebaTecnica\\src\\domain\\index.ts": {"path":"C:\\Users\\Usuario\\Desktop\\pruebaTecnica\\src\\domain\\index.ts","all":false,"statementMap":{"0":{"start":{"line":1,"column":0},"end":{"line":1,"column":0}},"1":{"start":{"line":2,"column":0},"end":{"line":2,"column":0}},"2":{"start":{"line":3,"column":0},"end":{"line":3,"column":45}},"3":{"start":{"line":4,"column":0},"end":{"line":4,"column":46}},"4":{"start":{"line":5,"column":0},"end":{"line":5,"column":22}},"5":{"start":{"line":6,"column":0},"end":{"line":6,"column":38}},"6":{"start":{"line":7,"column":0},"end":{"line":7,"column":0}},"7":{"start":{"line":8,"column":0},"end":{"line":8,"column":44}},"8":{"start":{"line":9,"column":0},"end":{"line":9,"column":44}},"9":{"start":{"line":10,"column":0},"end":{"line":10,"column":44}},"10":{"start":{"line":11,"column":0},"end":{"line":11,"column":42}},"11":{"start":{"line":12,"column":0},"end":{"line":12,"column":41}}},"s":{"0":1,"1":1,"2":1,"3":1,"4":1,"5":1,"6":1,"7":1,"8":1,"9":1,"10":1,"11":1},"branchMap":{},"b":{},"fnMap":{},"f":{}}
,"C:\\Users\\Usuario\\Desktop\\pruebaTecnica\\src\\domain\\datasources\\book.datasource.ts": {"path":"C:\\Users\\Usuario\\Desktop\\pruebaTecnica\\src\\domain\\datasources\\book.datasource.ts","all":false,"statementMap":{"0":{"start":{"line":1,"column":0},"end":{"line":1,"column":53}},"1":{"start":{"line":2,"column":0},"end":{"line":2,"column":53}},"2":{"start":{"line":3,"column":0},"end":{"line":3,"column":0}},"3":{"start":{"line":4,"column":0},"end":{"line":4,"column":0}},"4":{"start":{"line":5,"column":0},"end":{"line":5,"column":38}},"5":{"start":{"line":6,"column":0},"end":{"line":6,"column":0}},"6":{"start":{"line":7,"column":0},"end":{"line":7,"column":69}},"7":{"start":{"line":8,"column":0},"end":{"line":8,"column":0}},"8":{"start":{"line":9,"column":0},"end":{"line":9,"column":43}},"9":{"start":{"line":10,"column":0},"end":{"line":10,"column":2}},"10":{"start":{"line":11,"column":0},"end":{"line":11,"column":53}},"11":{"start":{"line":12,"column":0},"end":{"line":12,"column":2}},"12":{"start":{"line":13,"column":0},"end":{"line":13,"column":71}},"13":{"start":{"line":14,"column":0},"end":{"line":14,"column":0}},"14":{"start":{"line":15,"column":0},"end":{"line":15,"column":55}},"15":{"start":{"line":16,"column":0},"end":{"line":16,"column":0}},"16":{"start":{"line":17,"column":0},"end":{"line":17,"column":1}}},"s":{"0":1,"1":1,"2":1,"3":1,"4":1,"5":1,"6":1,"7":1,"8":1,"9":1,"10":1,"11":1,"12":1,"13":1,"14":1,"15":1,"16":1},"branchMap":{},"b":{},"fnMap":{},"f":{}}
,"C:\\Users\\Usuario\\Desktop\\pruebaTecnica\\src\\domain\\dtos\\index.ts": {"path":"C:\\Users\\Usuario\\Desktop\\pruebaTecnica\\src\\domain\\dtos\\index.ts","all":false,"statementMap":{"0":{"start":{"line":1,"column":0},"end":{"line":1,"column":0}},"1":{"start":{"line":2,"column":0},"end":{"line":2,"column":0}},"2":{"start":{"line":3,"column":0},"end":{"line":3,"column":40}},"3":{"start":{"line":4,"column":0},"end":{"line":4,"column":38}}},"s":{"0":1,"1":1,"2":1,"3":1},"branchMap":{},"b":{},"fnMap":{},"f":{}}
,"C:\\Users\\Usuario\\Desktop\\pruebaTecnica\\src\\domain\\dtos\\books\\create-book.dto.ts": {"path":"C:\\Users\\Usuario\\Desktop\\pruebaTecnica\\src\\domain\\dtos\\books\\create-book.dto.ts","all":false,"statementMap":{"0":{"start":{"line":1,"column":0},"end":{"line":1,"column":0}},"1":{"start":{"line":2,"column":0},"end":{"line":2,"column":0}},"2":{"start":{"line":3,"column":0},"end":{"line":3,"column":28}},"3":{"start":{"line":4,"column":0},"end":{"line":4,"column":2}},"4":{"start":{"line":5,"column":0},"end":{"line":5,"column":0}},"5":{"start":{"line":6,"column":0},"end":{"line":6,"column":22}},"6":{"start":{"line":7,"column":0},"end":{"line":7,"column":34}},"7":{"start":{"line":8,"column":0},"end":{"line":8,"column":35}},"8":{"start":{"line":9,"column":0},"end":{"line":9,"column":39}},"9":{"start":{"line":10,"column":0},"end":{"line":10,"column":5}},"10":{"start":{"line":11,"column":0},"end":{"line":11,"column":0}},"11":{"start":{"line":12,"column":0},"end":{"line":12,"column":73}},"12":{"start":{"line":13,"column":0},"end":{"line":13,"column":0}},"13":{"start":{"line":14,"column":0},"end":{"line":14,"column":49}},"14":{"start":{"line":15,"column":0},"end":{"line":15,"column":0}},"15":{"start":{"line":16,"column":0},"end":{"line":16,"column":56}},"16":{"start":{"line":17,"column":0},"end":{"line":17,"column":58}},"17":{"start":{"line":18,"column":0},"end":{"line":18,"column":68}},"18":{"start":{"line":19,"column":0},"end":{"line":19,"column":4}},"19":{"start":{"line":20,"column":0},"end":{"line":20,"column":4}},"20":{"start":{"line":21,"column":0},"end":{"line":21,"column":70}},"21":{"start":{"line":22,"column":0},"end":{"line":22,"column":0}},"22":{"start":{"line":23,"column":0},"end":{"line":23,"column":0}},"23":{"start":{"line":24,"column":0},"end":{"line":24,"column":3}},"24":{"start":{"line":25,"column":0},"end":{"line":25,"column":0}},"25":{"start":{"line":26,"column":0},"end":{"line":26,"column":1}}},"s":{"0":1,"1":1,"2":1,"3":1,"4":1,"5":1,"6":1,"7":1,"8":1,"9":1,"10":1,"11":1,"12":4,"13":4,"14":4,"15":4,"16":4,"17":4,"18":1,"19":1,"20":1,"21":1,"22":1,"23":1,"24":1,"25":1},"branchMap":{"0":{"type":"branch","line":6,"loc":{"start":{"line":6,"column":2},"end":{"line":10,"column":5}},"locations":[{"start":{"line":6,"column":2},"end":{"line":10,"column":5}}]},"1":{"type":"branch","line":12,"loc":{"start":{"line":12,"column":9},"end":{"line":24,"column":3}},"locations":[{"start":{"line":12,"column":9},"end":{"line":24,"column":3}}]},"2":{"type":"branch","line":16,"loc":{"start":{"line":16,"column":16},"end":{"line":16,"column":56}},"locations":[{"start":{"line":16,"column":16},"end":{"line":16,"column":56}}]},"3":{"type":"branch","line":17,"loc":{"start":{"line":17,"column":-2},"end":{"line":17,"column":24}},"locations":[{"start":{"line":17,"column":-2},"end":{"line":17,"column":24}}]},"4":{"type":"branch","line":17,"loc":{"start":{"line":17,"column":17},"end":{"line":17,"column":58}},"locations":[{"start":{"line":17,"column":17},"end":{"line":17,"column":58}}]},"5":{"type":"branch","line":18,"loc":{"start":{"line":18,"column":-2},"end":{"line":18,"column":29}},"locations":[{"start":{"line":18,"column":-2},"end":{"line":18,"column":29}}]},"6":{"type":"branch","line":18,"loc":{"start":{"line":18,"column":22},"end":{"line":24,"column":3}},"locations":[{"start":{"line":18,"column":22},"end":{"line":24,"column":3}}]}},"b":{"0":[1],"1":[4],"2":[1],"3":[3],"4":[1],"5":[2],"6":[1]},"fnMap":{"0":{"name":"CreateBookDto","decl":{"start":{"line":6,"column":2},"end":{"line":10,"column":5}},"loc":{"start":{"line":6,"column":2},"end":{"line":10,"column":5}},"line":6},"1":{"name":"create","decl":{"start":{"line":12,"column":9},"end":{"line":24,"column":3}},"loc":{"start":{"line":12,"column":9},"end":{"line":24,"column":3}},"line":12}},"f":{"0":1,"1":4}}
,"C:\\Users\\Usuario\\Desktop\\pruebaTecnica\\src\\domain\\dtos\\books\\edit-book.dto.ts": {"path":"C:\\Users\\Usuario\\Desktop\\pruebaTecnica\\src\\domain\\dtos\\books\\edit-book.dto.ts","all":false,"statementMap":{"0":{"start":{"line":1,"column":0},"end":{"line":1,"column":0}},"1":{"start":{"line":2,"column":0},"end":{"line":2,"column":0}},"2":{"start":{"line":3,"column":0},"end":{"line":3,"column":26}},"3":{"start":{"line":4,"column":0},"end":{"line":4,"column":2}},"4":{"start":{"line":5,"column":0},"end":{"line":5,"column":0}},"5":{"start":{"line":6,"column":0},"end":{"line":6,"column":22}},"6":{"start":{"line":7,"column":0},"end":{"line":7,"column":31}},"7":{"start":{"line":8,"column":0},"end":{"line":8,"column":35}},"8":{"start":{"line":9,"column":0},"end":{"line":9,"column":36}},"9":{"start":{"line":10,"column":0},"end":{"line":10,"column":40}},"10":{"start":{"line":11,"column":0},"end":{"line":11,"column":5}},"11":{"start":{"line":12,"column":0},"end":{"line":12,"column":0}},"12":{"start":{"line":13,"column":0},"end":{"line":13,"column":16}},"13":{"start":{"line":14,"column":0},"end":{"line":14,"column":48}},"14":{"start":{"line":15,"column":0},"end":{"line":15,"column":52}},"15":{"start":{"line":16,"column":0},"end":{"line":16,"column":55}},"16":{"start":{"line":17,"column":0},"end":{"line":17,"column":70}},"17":{"start":{"line":18,"column":0},"end":{"line":18,"column":24}},"18":{"start":{"line":19,"column":0},"end":{"line":19,"column":3}},"19":{"start":{"line":20,"column":0},"end":{"line":20,"column":0}},"20":{"start":{"line":21,"column":0},"end":{"line":21,"column":71}},"21":{"start":{"line":22,"column":0},"end":{"line":22,"column":0}},"22":{"start":{"line":23,"column":0},"end":{"line":23,"column":53}},"23":{"start":{"line":24,"column":0},"end":{"line":24,"column":0}},"24":{"start":{"line":25,"column":0},"end":{"line":25,"column":60}},"25":{"start":{"line":26,"column":0},"end":{"line":26,"column":113}},"26":{"start":{"line":27,"column":0},"end":{"line":27,"column":114}},"27":{"start":{"line":28,"column":0},"end":{"line":28,"column":132}},"28":{"start":{"line":29,"column":0},"end":{"line":29,"column":4}},"29":{"start":{"line":30,"column":0},"end":{"line":30,"column":4}},"30":{"start":{"line":31,"column":0},"end":{"line":31,"column":80}},"31":{"start":{"line":32,"column":0},"end":{"line":32,"column":0}},"32":{"start":{"line":33,"column":0},"end":{"line":33,"column":3}},"33":{"start":{"line":34,"column":0},"end":{"line":34,"column":0}},"34":{"start":{"line":35,"column":0},"end":{"line":35,"column":1}}},"s":{"0":1,"1":1,"2":1,"3":1,"4":1,"5":1,"6":3,"7":3,"8":3,"9":3,"10":3,"11":1,"12":1,"13":2,"14":2,"15":2,"16":2,"17":2,"18":2,"19":1,"20":1,"21":4,"22":4,"23":4,"24":4,"25":4,"26":4,"27":4,"28":3,"29":3,"30":3,"31":3,"32":3,"33":1,"34":1},"branchMap":{"0":{"type":"branch","line":6,"loc":{"start":{"line":6,"column":2},"end":{"line":11,"column":5}},"locations":[{"start":{"line":6,"column":2},"end":{"line":11,"column":5}}]},"1":{"type":"branch","line":13,"loc":{"start":{"line":13,"column":2},"end":{"line":19,"column":3}},"locations":[{"start":{"line":13,"column":2},"end":{"line":19,"column":3}}]},"2":{"type":"branch","line":15,"loc":{"start":{"line":15,"column":20},"end":{"line":15,"column":52}},"locations":[{"start":{"line":15,"column":20},"end":{"line":15,"column":52}}]},"3":{"type":"branch","line":16,"loc":{"start":{"line":16,"column":21},"end":{"line":16,"column":55}},"locations":[{"start":{"line":16,"column":21},"end":{"line":16,"column":55}}]},"4":{"type":"branch","line":21,"loc":{"start":{"line":21,"column":9},"end":{"line":33,"column":3}},"locations":[{"start":{"line":21,"column":9},"end":{"line":33,"column":3}}]},"5":{"type":"branch","line":25,"loc":{"start":{"line":25,"column":27},"end":{"line":25,"column":60}},"locations":[{"start":{"line":25,"column":27},"end":{"line":25,"column":60}}]},"6":{"type":"branch","line":26,"loc":{"start":{"line":26,"column":-2},"end":{"line":26,"column":17}},"locations":[{"start":{"line":26,"column":-2},"end":{"line":26,"column":17}}]},"7":{"type":"branch","line":26,"loc":{"start":{"line":26,"column":13},"end":{"line":26,"column":34}},"locations":[{"start":{"line":26,"column":13},"end":{"line":26,"column":34}}]},"8":{"type":"branch","line":26,"loc":{"start":{"line":26,"column":36},"end":{"line":26,"column":113}},"locations":[{"start":{"line":26,"column":36},"end":{"line":26,"column":113}}]},"9":{"type":"branch","line":27,"loc":{"start":{"line":27,"column":-2},"end":{"line":27,"column":18}},"locations":[{"start":{"line":27,"column":-2},"end":{"line":27,"column":18}}]},"10":{"type":"branch","line":27,"loc":{"start":{"line":27,"column":14},"end":{"line":27,"column":36}},"locations":[{"start":{"line":27,"column":14},"end":{"line":27,"column":36}}]},"11":{"type":"branch","line":27,"loc":{"start":{"line":27,"column":38},"end":{"line":27,"column":114}},"locations":[{"start":{"line":27,"column":38},"end":{"line":27,"column":114}}]},"12":{"type":"branch","line":28,"loc":{"start":{"line":28,"column":-2},"end":{"line":28,"column":47}},"locations":[{"start":{"line":28,"column":-2},"end":{"line":28,"column":47}}]},"13":{"type":"branch","line":28,"loc":{"start":{"line":28,"column":50},"end":{"line":28,"column":132}},"locations":[{"start":{"line":28,"column":50},"end":{"line":28,"column":132}}]},"14":{"type":"branch","line":29,"loc":{"start":{"line":29,"column":-2},"end":{"line":33,"column":3}},"locations":[{"start":{"line":29,"column":-2},"end":{"line":33,"column":3}}]}},"b":{"0":[3],"1":[2],"2":[1],"3":[1],"4":[4],"5":[1],"6":[3],"7":[2],"8":[0],"9":[3],"10":[2],"11":[0],"12":[3],"13":[0],"14":[3]},"fnMap":{"0":{"name":"EditBookDto","decl":{"start":{"line":6,"column":2},"end":{"line":11,"column":5}},"loc":{"start":{"line":6,"column":2},"end":{"line":11,"column":5}},"line":6},"1":{"name":"get values","decl":{"start":{"line":13,"column":2},"end":{"line":19,"column":3}},"loc":{"start":{"line":13,"column":2},"end":{"line":19,"column":3}},"line":13},"2":{"name":"create","decl":{"start":{"line":21,"column":9},"end":{"line":33,"column":3}},"loc":{"start":{"line":21,"column":9},"end":{"line":33,"column":3}},"line":21}},"f":{"0":3,"1":2,"2":4}}
,"C:\\Users\\Usuario\\Desktop\\pruebaTecnica\\src\\domain\\entities\\book.entity.ts": {"path":"C:\\Users\\Usuario\\Desktop\\pruebaTecnica\\src\\domain\\entities\\book.entity.ts","all":false,"statementMap":{"0":{"start":{"line":1,"column":0},"end":{"line":1,"column":0}},"1":{"start":{"line":2,"column":0},"end":{"line":2,"column":0}},"2":{"start":{"line":3,"column":0},"end":{"line":3,"column":25}},"3":{"start":{"line":4,"column":0},"end":{"line":4,"column":0}},"4":{"start":{"line":5,"column":0},"end":{"line":5,"column":14}},"5":{"start":{"line":6,"column":0},"end":{"line":6,"column":31}},"6":{"start":{"line":7,"column":0},"end":{"line":7,"column":34}},"7":{"start":{"line":8,"column":0},"end":{"line":8,"column":35}},"8":{"start":{"line":9,"column":0},"end":{"line":9,"column":39}},"9":{"start":{"line":10,"column":0},"end":{"line":10,"column":5}},"10":{"start":{"line":11,"column":0},"end":{"line":11,"column":0}},"11":{"start":{"line":12,"column":0},"end":{"line":12,"column":16}},"12":{"start":{"line":13,"column":0},"end":{"line":13,"column":80}},"13":{"start":{"line":14,"column":0},"end":{"line":14,"column":17}},"14":{"start":{"line":15,"column":0},"end":{"line":15,"column":3}},"15":{"start":{"line":16,"column":0},"end":{"line":16,"column":0}},"16":{"start":{"line":17,"column":0},"end":{"line":17,"column":69}},"17":{"start":{"line":18,"column":0},"end":{"line":18,"column":53}},"18":{"start":{"line":19,"column":0},"end":{"line":19,"column":0}},"19":{"start":{"line":20,"column":0},"end":{"line":20,"column":43}},"20":{"start":{"line":21,"column":0},"end":{"line":21,"column":53}},"21":{"start":{"line":22,"column":0},"end":{"line":22,"column":55}},"22":{"start":{"line":23,"column":0},"end":{"line":23,"column":65}},"23":{"start":{"line":24,"column":0},"end":{"line":24,"column":0}},"24":{"start":{"line":25,"column":0},"end":{"line":25,"column":58}},"25":{"start":{"line":26,"column":0},"end":{"line":26,"column":3}},"26":{"start":{"line":27,"column":0},"end":{"line":27,"column":0}},"27":{"start":{"line":28,"column":0},"end":{"line":28,"column":0}},"28":{"start":{"line":29,"column":0},"end":{"line":29,"column":1}}},"s":{"0":1,"1":1,"2":1,"3":1,"4":1,"5":172,"6":172,"7":172,"8":172,"9":172,"10":1,"11":1,"12":0,"13":0,"14":0,"15":1,"16":1,"17":172,"18":172,"19":172,"20":172,"21":172,"22":172,"23":172,"24":172,"25":172,"26":1,"27":1,"28":1},"branchMap":{"0":{"type":"branch","line":5,"loc":{"start":{"line":5,"column":2},"end":{"line":10,"column":5}},"locations":[{"start":{"line":5,"column":2},"end":{"line":10,"column":5}}]},"1":{"type":"branch","line":17,"loc":{"start":{"line":17,"column":16},"end":{"line":26,"column":3}},"locations":[{"start":{"line":17,"column":16},"end":{"line":26,"column":3}}]},"2":{"type":"branch","line":20,"loc":{"start":{"line":20,"column":13},"end":{"line":20,"column":43}},"locations":[{"start":{"line":20,"column":13},"end":{"line":20,"column":43}}]},"3":{"type":"branch","line":21,"loc":{"start":{"line":21,"column":16},"end":{"line":21,"column":53}},"locations":[{"start":{"line":21,"column":16},"end":{"line":21,"column":53}}]},"4":{"type":"branch","line":22,"loc":{"start":{"line":22,"column":17},"end":{"line":22,"column":55}},"locations":[{"start":{"line":22,"column":17},"end":{"line":22,"column":55}}]},"5":{"type":"branch","line":23,"loc":{"start":{"line":23,"column":22},"end":{"line":23,"column":65}},"locations":[{"start":{"line":23,"column":22},"end":{"line":23,"column":65}}]}},"b":{"0":[172],"1":[172],"2":[0],"3":[0],"4":[0],"5":[0]},"fnMap":{"0":{"name":"BookEntity","decl":{"start":{"line":5,"column":2},"end":{"line":10,"column":5}},"loc":{"start":{"line":5,"column":2},"end":{"line":10,"column":5}},"line":5},"1":{"name":"get summary","decl":{"start":{"line":12,"column":2},"end":{"line":15,"column":3}},"loc":{"start":{"line":12,"column":2},"end":{"line":15,"column":3}},"line":12},"2":{"name":"fromObject","decl":{"start":{"line":17,"column":16},"end":{"line":26,"column":3}},"loc":{"start":{"line":17,"column":16},"end":{"line":26,"column":3}},"line":17}},"f":{"0":172,"1":0,"2":172}}
,"C:\\Users\\Usuario\\Desktop\\pruebaTecnica\\src\\domain\\repositories\\book.repository.ts": {"path":"C:\\Users\\Usuario\\Desktop\\pruebaTecnica\\src\\domain\\repositories\\book.repository.ts","all":false,"statementMap":{"0":{"start":{"line":1,"column":0},"end":{"line":1,"column":53}},"1":{"start":{"line":2,"column":0},"end":{"line":2,"column":53}},"2":{"start":{"line":3,"column":0},"end":{"line":3,"column":0}},"3":{"start":{"line":4,"column":0},"end":{"line":4,"column":0}},"4":{"start":{"line":5,"column":0},"end":{"line":5,"column":38}},"5":{"start":{"line":6,"column":0},"end":{"line":6,"column":0}},"6":{"start":{"line":7,"column":0},"end":{"line":7,"column":69}},"7":{"start":{"line":8,"column":0},"end":{"line":8,"column":0}},"8":{"start":{"line":9,"column":0},"end":{"line":9,"column":43}},"9":{"start":{"line":10,"column":0},"end":{"line":10,"column":2}},"10":{"start":{"line":11,"column":0},"end":{"line":11,"column":53}},"11":{"start":{"line":12,"column":0},"end":{"line":12,"column":2}},"12":{"start":{"line":13,"column":0},"end":{"line":13,"column":71}},"13":{"start":{"line":14,"column":0},"end":{"line":14,"column":0}},"14":{"start":{"line":15,"column":0},"end":{"line":15,"column":55}},"15":{"start":{"line":16,"column":0},"end":{"line":16,"column":0}},"16":{"start":{"line":17,"column":0},"end":{"line":17,"column":1}}},"s":{"0":1,"1":1,"2":1,"3":1,"4":1,"5":1,"6":1,"7":1,"8":1,"9":1,"10":1,"11":1,"12":1,"13":1,"14":1,"15":1,"16":1},"branchMap":{},"b":{},"fnMap":{},"f":{}}
,"C:\\Users\\Usuario\\Desktop\\pruebaTecnica\\src\\domain\\use-cases\\book\\create-book.ts": {"path":"C:\\Users\\Usuario\\Desktop\\pruebaTecnica\\src\\domain\\use-cases\\book\\create-book.ts","all":false,"statementMap":{"0":{"start":{"line":1,"column":0},"end":{"line":1,"column":43}},"1":{"start":{"line":2,"column":0},"end":{"line":2,"column":56}},"2":{"start":{"line":3,"column":0},"end":{"line":3,"column":68}},"3":{"start":{"line":4,"column":0},"end":{"line":4,"column":0}},"4":{"start":{"line":5,"column":0},"end":{"line":5,"column":0}},"5":{"start":{"line":6,"column":0},"end":{"line":6,"column":36}},"6":{"start":{"line":7,"column":0},"end":{"line":7,"column":64}},"7":{"start":{"line":8,"column":0},"end":{"line":8,"column":1}},"8":{"start":{"line":9,"column":0},"end":{"line":9,"column":0}},"9":{"start":{"line":10,"column":0},"end":{"line":10,"column":54}},"10":{"start":{"line":11,"column":0},"end":{"line":11,"column":14}},"11":{"start":{"line":12,"column":0},"end":{"line":12,"column":47}},"12":{"start":{"line":13,"column":0},"end":{"line":13,"column":7}},"13":{"start":{"line":14,"column":0},"end":{"line":14,"column":0}},"14":{"start":{"line":15,"column":0},"end":{"line":15,"column":68}},"15":{"start":{"line":16,"column":0},"end":{"line":16,"column":55}},"16":{"start":{"line":17,"column":0},"end":{"line":17,"column":3}},"17":{"start":{"line":18,"column":0},"end":{"line":18,"column":1}}},"s":{"0":1,"1":1,"2":1,"3":1,"4":1,"5":1,"6":1,"7":1,"8":1,"9":1,"10":1,"11":1,"12":1,"13":1,"14":1,"15":1,"16":1,"17":1},"branchMap":{"0":{"type":"branch","line":11,"loc":{"start":{"line":11,"column":2},"end":{"line":13,"column":7}},"locations":[{"start":{"line":11,"column":2},"end":{"line":13,"column":7}}]},"1":{"type":"branch","line":15,"loc":{"start":{"line":15,"column":8},"end":{"line":17,"column":3}},"locations":[{"start":{"line":15,"column":8},"end":{"line":17,"column":3}}]}},"b":{"0":[1],"1":[1]},"fnMap":{"0":{"name":"CreateBook","decl":{"start":{"line":11,"column":2},"end":{"line":13,"column":7}},"loc":{"start":{"line":11,"column":2},"end":{"line":13,"column":7}},"line":11},"1":{"name":"execute","decl":{"start":{"line":15,"column":8},"end":{"line":17,"column":3}},"loc":{"start":{"line":15,"column":8},"end":{"line":17,"column":3}},"line":15}},"f":{"0":1,"1":1}}
,"C:\\Users\\Usuario\\Desktop\\pruebaTecnica\\src\\domain\\use-cases\\book\\delete-book.ts": {"path":"C:\\Users\\Usuario\\Desktop\\pruebaTecnica\\src\\domain\\use-cases\\book\\delete-book.ts","all":false,"statementMap":{"0":{"start":{"line":1,"column":0},"end":{"line":1,"column":56}},"1":{"start":{"line":2,"column":0},"end":{"line":2,"column":68}},"2":{"start":{"line":3,"column":0},"end":{"line":3,"column":0}},"3":{"start":{"line":4,"column":0},"end":{"line":4,"column":0}},"4":{"start":{"line":5,"column":0},"end":{"line":5,"column":36}},"5":{"start":{"line":6,"column":0},"end":{"line":6,"column":45}},"6":{"start":{"line":7,"column":0},"end":{"line":7,"column":1}},"7":{"start":{"line":8,"column":0},"end":{"line":8,"column":0}},"8":{"start":{"line":9,"column":0},"end":{"line":9,"column":54}},"9":{"start":{"line":10,"column":0},"end":{"line":10,"column":14}},"10":{"start":{"line":11,"column":0},"end":{"line":11,"column":47}},"11":{"start":{"line":12,"column":0},"end":{"line":12,"column":7}},"12":{"start":{"line":13,"column":0},"end":{"line":13,"column":0}},"13":{"start":{"line":14,"column":0},"end":{"line":14,"column":49}},"14":{"start":{"line":15,"column":0},"end":{"line":15,"column":48}},"15":{"start":{"line":16,"column":0},"end":{"line":16,"column":3}},"16":{"start":{"line":17,"column":0},"end":{"line":17,"column":1}}},"s":{"0":1,"1":1,"2":1,"3":1,"4":1,"5":1,"6":1,"7":1,"8":1,"9":1,"10":2,"11":2,"12":1,"13":1,"14":2,"15":2,"16":1},"branchMap":{"0":{"type":"branch","line":10,"loc":{"start":{"line":10,"column":2},"end":{"line":12,"column":7}},"locations":[{"start":{"line":10,"column":2},"end":{"line":12,"column":7}}]},"1":{"type":"branch","line":14,"loc":{"start":{"line":14,"column":8},"end":{"line":16,"column":3}},"locations":[{"start":{"line":14,"column":8},"end":{"line":16,"column":3}}]}},"b":{"0":[2],"1":[2]},"fnMap":{"0":{"name":"DeleteBook","decl":{"start":{"line":10,"column":2},"end":{"line":12,"column":7}},"loc":{"start":{"line":10,"column":2},"end":{"line":12,"column":7}},"line":10},"1":{"name":"execute","decl":{"start":{"line":14,"column":8},"end":{"line":16,"column":3}},"loc":{"start":{"line":14,"column":8},"end":{"line":16,"column":3}},"line":14}},"f":{"0":2,"1":2}}
,"C:\\Users\\Usuario\\Desktop\\pruebaTecnica\\src\\domain\\use-cases\\book\\get-book.ts": {"path":"C:\\Users\\Usuario\\Desktop\\pruebaTecnica\\src\\domain\\use-cases\\book\\get-book.ts","all":false,"statementMap":{"0":{"start":{"line":1,"column":0},"end":{"line":1,"column":56}},"1":{"start":{"line":2,"column":0},"end":{"line":2,"column":68}},"2":{"start":{"line":3,"column":0},"end":{"line":3,"column":0}},"3":{"start":{"line":4,"column":0},"end":{"line":4,"column":0}},"4":{"start":{"line":5,"column":0},"end":{"line":5,"column":33}},"5":{"start":{"line":6,"column":0},"end":{"line":6,"column":45}},"6":{"start":{"line":7,"column":0},"end":{"line":7,"column":1}},"7":{"start":{"line":8,"column":0},"end":{"line":8,"column":0}},"8":{"start":{"line":9,"column":0},"end":{"line":9,"column":48}},"9":{"start":{"line":10,"column":0},"end":{"line":10,"column":14}},"10":{"start":{"line":11,"column":0},"end":{"line":11,"column":47}},"11":{"start":{"line":12,"column":0},"end":{"line":12,"column":7}},"12":{"start":{"line":13,"column":0},"end":{"line":13,"column":0}},"13":{"start":{"line":14,"column":0},"end":{"line":14,"column":49}},"14":{"start":{"line":15,"column":0},"end":{"line":15,"column":46}},"15":{"start":{"line":16,"column":0},"end":{"line":16,"column":3}},"16":{"start":{"line":17,"column":0},"end":{"line":17,"column":1}}},"s":{"0":1,"1":1,"2":1,"3":1,"4":1,"5":1,"6":1,"7":1,"8":1,"9":1,"10":2,"11":2,"12":1,"13":1,"14":2,"15":2,"16":1},"branchMap":{"0":{"type":"branch","line":10,"loc":{"start":{"line":10,"column":2},"end":{"line":12,"column":7}},"locations":[{"start":{"line":10,"column":2},"end":{"line":12,"column":7}}]},"1":{"type":"branch","line":14,"loc":{"start":{"line":14,"column":8},"end":{"line":16,"column":3}},"locations":[{"start":{"line":14,"column":8},"end":{"line":16,"column":3}}]}},"b":{"0":[2],"1":[2]},"fnMap":{"0":{"name":"GetBook","decl":{"start":{"line":10,"column":2},"end":{"line":12,"column":7}},"loc":{"start":{"line":10,"column":2},"end":{"line":12,"column":7}},"line":10},"1":{"name":"execute","decl":{"start":{"line":14,"column":8},"end":{"line":16,"column":3}},"loc":{"start":{"line":14,"column":8},"end":{"line":16,"column":3}},"line":14}},"f":{"0":2,"1":2}}
,"C:\\Users\\Usuario\\Desktop\\pruebaTecnica\\src\\domain\\use-cases\\book\\get-books.ts": {"path":"C:\\Users\\Usuario\\Desktop\\pruebaTecnica\\src\\domain\\use-cases\\book\\get-books.ts","all":false,"statementMap":{"0":{"start":{"line":1,"column":0},"end":{"line":1,"column":56}},"1":{"start":{"line":2,"column":0},"end":{"line":2,"column":68}},"2":{"start":{"line":3,"column":0},"end":{"line":3,"column":0}},"3":{"start":{"line":4,"column":0},"end":{"line":4,"column":0}},"4":{"start":{"line":5,"column":0},"end":{"line":5,"column":34}},"5":{"start":{"line":6,"column":0},"end":{"line":6,"column":38}},"6":{"start":{"line":7,"column":0},"end":{"line":7,"column":1}},"7":{"start":{"line":8,"column":0},"end":{"line":8,"column":0}},"8":{"start":{"line":9,"column":0},"end":{"line":9,"column":50}},"9":{"start":{"line":10,"column":0},"end":{"line":10,"column":14}},"10":{"start":{"line":11,"column":0},"end":{"line":11,"column":47}},"11":{"start":{"line":12,"column":0},"end":{"line":12,"column":7}},"12":{"start":{"line":13,"column":0},"end":{"line":13,"column":0}},"13":{"start":{"line":14,"column":0},"end":{"line":14,"column":42}},"14":{"start":{"line":15,"column":0},"end":{"line":15,"column":42}},"15":{"start":{"line":16,"column":0},"end":{"line":16,"column":3}},"16":{"start":{"line":17,"column":0},"end":{"line":17,"column":1}}},"s":{"0":1,"1":1,"2":1,"3":1,"4":1,"5":1,"6":1,"7":1,"8":1,"9":1,"10":1,"11":1,"12":1,"13":1,"14":1,"15":1,"16":1},"branchMap":{"0":{"type":"branch","line":10,"loc":{"start":{"line":10,"column":2},"end":{"line":12,"column":7}},"locations":[{"start":{"line":10,"column":2},"end":{"line":12,"column":7}}]},"1":{"type":"branch","line":14,"loc":{"start":{"line":14,"column":8},"end":{"line":16,"column":3}},"locations":[{"start":{"line":14,"column":8},"end":{"line":16,"column":3}}]}},"b":{"0":[1],"1":[1]},"fnMap":{"0":{"name":"GetBooks","decl":{"start":{"line":10,"column":2},"end":{"line":12,"column":7}},"loc":{"start":{"line":10,"column":2},"end":{"line":12,"column":7}},"line":10},"1":{"name":"execute","decl":{"start":{"line":14,"column":8},"end":{"line":16,"column":3}},"loc":{"start":{"line":14,"column":8},"end":{"line":16,"column":3}},"line":14}},"f":{"0":1,"1":1}}
,"C:\\Users\\Usuario\\Desktop\\pruebaTecnica\\src\\domain\\use-cases\\book\\update-book.ts": {"path":"C:\\Users\\Usuario\\Desktop\\pruebaTecnica\\src\\domain\\use-cases\\book\\update-book.ts","all":false,"statementMap":{"0":{"start":{"line":1,"column":0},"end":{"line":1,"column":41}},"1":{"start":{"line":2,"column":0},"end":{"line":2,"column":56}},"2":{"start":{"line":3,"column":0},"end":{"line":3,"column":68}},"3":{"start":{"line":4,"column":0},"end":{"line":4,"column":0}},"4":{"start":{"line":5,"column":0},"end":{"line":5,"column":0}},"5":{"start":{"line":6,"column":0},"end":{"line":6,"column":36}},"6":{"start":{"line":7,"column":0},"end":{"line":7,"column":60}},"7":{"start":{"line":8,"column":0},"end":{"line":8,"column":1}},"8":{"start":{"line":9,"column":0},"end":{"line":9,"column":0}},"9":{"start":{"line":10,"column":0},"end":{"line":10,"column":54}},"10":{"start":{"line":11,"column":0},"end":{"line":11,"column":14}},"11":{"start":{"line":12,"column":0},"end":{"line":12,"column":47}},"12":{"start":{"line":13,"column":0},"end":{"line":13,"column":7}},"13":{"start":{"line":14,"column":0},"end":{"line":14,"column":0}},"14":{"start":{"line":15,"column":0},"end":{"line":15,"column":64}},"15":{"start":{"line":16,"column":0},"end":{"line":16,"column":57}},"16":{"start":{"line":17,"column":0},"end":{"line":17,"column":3}},"17":{"start":{"line":18,"column":0},"end":{"line":18,"column":1}}},"s":{"0":1,"1":1,"2":1,"3":1,"4":1,"5":1,"6":1,"7":1,"8":1,"9":1,"10":1,"11":3,"12":3,"13":1,"14":1,"15":3,"16":3,"17":1},"branchMap":{"0":{"type":"branch","line":11,"loc":{"start":{"line":11,"column":2},"end":{"line":13,"column":7}},"locations":[{"start":{"line":11,"column":2},"end":{"line":13,"column":7}}]},"1":{"type":"branch","line":15,"loc":{"start":{"line":15,"column":8},"end":{"line":17,"column":3}},"locations":[{"start":{"line":15,"column":8},"end":{"line":17,"column":3}}]}},"b":{"0":[3],"1":[3]},"fnMap":{"0":{"name":"UpdateBook","decl":{"start":{"line":11,"column":2},"end":{"line":13,"column":7}},"loc":{"start":{"line":11,"column":2},"end":{"line":13,"column":7}},"line":11},"1":{"name":"execute","decl":{"start":{"line":15,"column":8},"end":{"line":17,"column":3}},"loc":{"start":{"line":15,"column":8},"end":{"line":17,"column":3}},"line":15}},"f":{"0":3,"1":3}}
,"C:\\Users\\Usuario\\Desktop\\pruebaTecnica\\src\\infrastructure\\datasource\\book.datasource.impl.ts": {"path":"C:\\Users\\Usuario\\Desktop\\pruebaTecnica\\src\\infrastructure\\datasource\\book.datasource.impl.ts","all":false,"statementMap":{"0":{"start":{"line":1,"column":0},"end":{"line":1,"column":45}},"1":{"start":{"line":2,"column":0},"end":{"line":2,"column":86}},"2":{"start":{"line":3,"column":0},"end":{"line":3,"column":0}},"3":{"start":{"line":4,"column":0},"end":{"line":4,"column":0}},"4":{"start":{"line":5,"column":0},"end":{"line":5,"column":0}},"5":{"start":{"line":6,"column":0},"end":{"line":6,"column":0}},"6":{"start":{"line":7,"column":0},"end":{"line":7,"column":59}},"7":{"start":{"line":8,"column":0},"end":{"line":8,"column":0}},"8":{"start":{"line":9,"column":0},"end":{"line":9,"column":67}},"9":{"start":{"line":10,"column":0},"end":{"line":10,"column":46}},"10":{"start":{"line":11,"column":0},"end":{"line":11,"column":26}},"11":{"start":{"line":12,"column":0},"end":{"line":12,"column":6}},"12":{"start":{"line":13,"column":0},"end":{"line":13,"column":42}},"13":{"start":{"line":14,"column":0},"end":{"line":14,"column":3}},"14":{"start":{"line":15,"column":0},"end":{"line":15,"column":0}},"15":{"start":{"line":16,"column":0},"end":{"line":16,"column":41}},"16":{"start":{"line":17,"column":0},"end":{"line":17,"column":46}},"17":{"start":{"line":18,"column":0},"end":{"line":18,"column":58}},"18":{"start":{"line":19,"column":0},"end":{"line":19,"column":3}},"19":{"start":{"line":20,"column":0},"end":{"line":20,"column":0}},"20":{"start":{"line":21,"column":0},"end":{"line":21,"column":51}},"21":{"start":{"line":22,"column":0},"end":{"line":22,"column":47}},"22":{"start":{"line":23,"column":0},"end":{"line":23,"column":14}},"23":{"start":{"line":24,"column":0},"end":{"line":24,"column":22}},"24":{"start":{"line":25,"column":0},"end":{"line":25,"column":7}},"25":{"start":{"line":26,"column":0},"end":{"line":26,"column":6}},"26":{"start":{"line":27,"column":0},"end":{"line":27,"column":56}},"27":{"start":{"line":28,"column":0},"end":{"line":28,"column":39}},"28":{"start":{"line":29,"column":0},"end":{"line":29,"column":3}},"29":{"start":{"line":30,"column":0},"end":{"line":30,"column":0}},"30":{"start":{"line":31,"column":0},"end":{"line":31,"column":67}},"31":{"start":{"line":32,"column":0},"end":{"line":32,"column":40}},"32":{"start":{"line":33,"column":0},"end":{"line":33,"column":0}},"33":{"start":{"line":34,"column":0},"end":{"line":34,"column":49}},"34":{"start":{"line":35,"column":0},"end":{"line":35,"column":14}},"35":{"start":{"line":36,"column":0},"end":{"line":36,"column":26}},"36":{"start":{"line":37,"column":0},"end":{"line":37,"column":8}},"37":{"start":{"line":38,"column":0},"end":{"line":38,"column":31}},"38":{"start":{"line":39,"column":0},"end":{"line":39,"column":6}},"39":{"start":{"line":40,"column":0},"end":{"line":40,"column":45}},"40":{"start":{"line":41,"column":0},"end":{"line":41,"column":3}},"41":{"start":{"line":42,"column":0},"end":{"line":42,"column":0}},"42":{"start":{"line":43,"column":0},"end":{"line":43,"column":53}},"43":{"start":{"line":44,"column":0},"end":{"line":44,"column":28}},"44":{"start":{"line":45,"column":0},"end":{"line":45,"column":50}},"45":{"start":{"line":46,"column":0},"end":{"line":46,"column":14}},"46":{"start":{"line":47,"column":0},"end":{"line":47,"column":22}},"47":{"start":{"line":48,"column":0},"end":{"line":48,"column":7}},"48":{"start":{"line":49,"column":0},"end":{"line":49,"column":6}},"49":{"start":{"line":50,"column":0},"end":{"line":50,"column":46}},"50":{"start":{"line":51,"column":0},"end":{"line":51,"column":3}},"51":{"start":{"line":52,"column":0},"end":{"line":52,"column":0}},"52":{"start":{"line":53,"column":0},"end":{"line":53,"column":1}}},"s":{"0":1,"1":1,"2":1,"3":1,"4":1,"5":1,"6":1,"7":1,"8":1,"9":1,"10":1,"11":1,"12":1,"13":1,"14":1,"15":1,"16":1,"17":1,"18":1,"19":1,"20":1,"21":7,"22":7,"23":7,"24":7,"25":7,"26":7,"27":4,"28":4,"29":1,"30":1,"31":3,"32":2,"33":2,"34":2,"35":2,"36":2,"37":2,"38":2,"39":2,"40":2,"41":1,"42":1,"43":2,"44":1,"45":1,"46":1,"47":1,"48":1,"49":1,"50":1,"51":1,"52":1},"branchMap":{"0":{"type":"branch","line":9,"loc":{"start":{"line":9,"column":8},"end":{"line":14,"column":3}},"locations":[{"start":{"line":9,"column":8},"end":{"line":14,"column":3}}]},"1":{"type":"branch","line":16,"loc":{"start":{"line":16,"column":8},"end":{"line":19,"column":3}},"locations":[{"start":{"line":16,"column":8},"end":{"line":19,"column":3}}]},"2":{"type":"branch","line":18,"loc":{"start":{"line":18,"column":21},"end":{"line":18,"column":56}},"locations":[{"start":{"line":18,"column":21},"end":{"line":18,"column":56}}]},"3":{"type":"branch","line":21,"loc":{"start":{"line":21,"column":8},"end":{"line":29,"column":3}},"locations":[{"start":{"line":21,"column":8},"end":{"line":29,"column":3}}]},"4":{"type":"branch","line":27,"loc":{"start":{"line":27,"column":17},"end":{"line":27,"column":56}},"locations":[{"start":{"line":27,"column":17},"end":{"line":27,"column":56}}]},"5":{"type":"branch","line":28,"loc":{"start":{"line":28,"column":-2},"end":{"line":29,"column":3}},"locations":[{"start":{"line":28,"column":-2},"end":{"line":29,"column":3}}]},"6":{"type":"branch","line":31,"loc":{"start":{"line":31,"column":8},"end":{"line":41,"column":3}},"locations":[{"start":{"line":31,"column":8},"end":{"line":41,"column":3}}]},"7":{"type":"branch","line":33,"loc":{"start":{"line":33,"column":-2},"end":{"line":41,"column":3}},"locations":[{"start":{"line":33,"column":-2},"end":{"line":41,"column":3}}]},"8":{"type":"branch","line":43,"loc":{"start":{"line":43,"column":8},"end":{"line":51,"column":3}},"locations":[{"start":{"line":43,"column":8},"end":{"line":51,"column":3}}]},"9":{"type":"branch","line":45,"loc":{"start":{"line":45,"column":-2},"end":{"line":51,"column":3}},"locations":[{"start":{"line":45,"column":-2},"end":{"line":51,"column":3}}]}},"b":{"0":[1],"1":[1],"2":[164],"3":[7],"4":[3],"5":[4],"6":[3],"7":[2],"8":[2],"9":[1]},"fnMap":{"0":{"name":"create","decl":{"start":{"line":9,"column":8},"end":{"line":14,"column":3}},"loc":{"start":{"line":9,"column":8},"end":{"line":14,"column":3}},"line":9},"1":{"name":"getAll","decl":{"start":{"line":16,"column":8},"end":{"line":19,"column":3}},"loc":{"start":{"line":16,"column":8},"end":{"line":19,"column":3}},"line":16},"2":{"name":"findById","decl":{"start":{"line":21,"column":8},"end":{"line":29,"column":3}},"loc":{"start":{"line":21,"column":8},"end":{"line":29,"column":3}},"line":21},"3":{"name":"updateById","decl":{"start":{"line":31,"column":8},"end":{"line":41,"column":3}},"loc":{"start":{"line":31,"column":8},"end":{"line":41,"column":3}},"line":31},"4":{"name":"deleteById","decl":{"start":{"line":43,"column":8},"end":{"line":51,"column":3}},"loc":{"start":{"line":43,"column":8},"end":{"line":51,"column":3}},"line":43}},"f":{"0":1,"1":1,"2":7,"3":3,"4":2}}
,"C:\\Users\\Usuario\\Desktop\\pruebaTecnica\\src\\infrastructure\\repositories\\book.repository.impl.ts": {"path":"C:\\Users\\Usuario\\Desktop\\pruebaTecnica\\src\\infrastructure\\repositories\\book.repository.impl.ts","all":false,"statementMap":{"0":{"start":{"line":1,"column":0},"end":{"line":1,"column":102}},"1":{"start":{"line":2,"column":0},"end":{"line":2,"column":0}},"2":{"start":{"line":3,"column":0},"end":{"line":3,"column":0}},"3":{"start":{"line":4,"column":0},"end":{"line":4,"column":59}},"4":{"start":{"line":5,"column":0},"end":{"line":5,"column":0}},"5":{"start":{"line":6,"column":0},"end":{"line":6,"column":14}},"6":{"start":{"line":7,"column":0},"end":{"line":7,"column":47}},"7":{"start":{"line":8,"column":0},"end":{"line":8,"column":5}},"8":{"start":{"line":9,"column":0},"end":{"line":9,"column":0}},"9":{"start":{"line":10,"column":0},"end":{"line":10,"column":61}},"10":{"start":{"line":11,"column":0},"end":{"line":11,"column":49}},"11":{"start":{"line":12,"column":0},"end":{"line":12,"column":3}},"12":{"start":{"line":13,"column":0},"end":{"line":13,"column":0}},"13":{"start":{"line":14,"column":0},"end":{"line":14,"column":35}},"14":{"start":{"line":15,"column":0},"end":{"line":15,"column":36}},"15":{"start":{"line":16,"column":0},"end":{"line":16,"column":3}},"16":{"start":{"line":17,"column":0},"end":{"line":17,"column":0}},"17":{"start":{"line":18,"column":0},"end":{"line":18,"column":45}},"18":{"start":{"line":19,"column":0},"end":{"line":19,"column":40}},"19":{"start":{"line":20,"column":0},"end":{"line":20,"column":3}},"20":{"start":{"line":21,"column":0},"end":{"line":21,"column":0}},"21":{"start":{"line":22,"column":0},"end":{"line":22,"column":61}},"22":{"start":{"line":23,"column":0},"end":{"line":23,"column":51}},"23":{"start":{"line":24,"column":0},"end":{"line":24,"column":3}},"24":{"start":{"line":25,"column":0},"end":{"line":25,"column":0}},"25":{"start":{"line":26,"column":0},"end":{"line":26,"column":47}},"26":{"start":{"line":27,"column":0},"end":{"line":27,"column":42}},"27":{"start":{"line":28,"column":0},"end":{"line":28,"column":3}},"28":{"start":{"line":29,"column":0},"end":{"line":29,"column":0}},"29":{"start":{"line":30,"column":0},"end":{"line":30,"column":1}}},"s":{"0":1,"1":1,"2":1,"3":1,"4":1,"5":1,"6":2,"7":2,"8":1,"9":1,"10":1,"11":1,"12":1,"13":1,"14":1,"15":1,"16":1,"17":1,"18":2,"19":2,"20":1,"21":1,"22":3,"23":3,"24":1,"25":1,"26":2,"27":2,"28":1,"29":1},"branchMap":{"0":{"type":"branch","line":6,"loc":{"start":{"line":6,"column":2},"end":{"line":8,"column":5}},"locations":[{"start":{"line":6,"column":2},"end":{"line":8,"column":5}}]},"1":{"type":"branch","line":10,"loc":{"start":{"line":10,"column":2},"end":{"line":12,"column":3}},"locations":[{"start":{"line":10,"column":2},"end":{"line":12,"column":3}}]},"2":{"type":"branch","line":14,"loc":{"start":{"line":14,"column":2},"end":{"line":16,"column":3}},"locations":[{"start":{"line":14,"column":2},"end":{"line":16,"column":3}}]},"3":{"type":"branch","line":18,"loc":{"start":{"line":18,"column":2},"end":{"line":20,"column":3}},"locations":[{"start":{"line":18,"column":2},"end":{"line":20,"column":3}}]},"4":{"type":"branch","line":22,"loc":{"start":{"line":22,"column":2},"end":{"line":24,"column":3}},"locations":[{"start":{"line":22,"column":2},"end":{"line":24,"column":3}}]},"5":{"type":"branch","line":26,"loc":{"start":{"line":26,"column":2},"end":{"line":28,"column":3}},"locations":[{"start":{"line":26,"column":2},"end":{"line":28,"column":3}}]}},"b":{"0":[2],"1":[1],"2":[1],"3":[2],"4":[3],"5":[2]},"fnMap":{"0":{"name":"BookRepositoryImpl","decl":{"start":{"line":6,"column":2},"end":{"line":8,"column":5}},"loc":{"start":{"line":6,"column":2},"end":{"line":8,"column":5}},"line":6},"1":{"name":"create","decl":{"start":{"line":10,"column":2},"end":{"line":12,"column":3}},"loc":{"start":{"line":10,"column":2},"end":{"line":12,"column":3}},"line":10},"2":{"name":"getAll","decl":{"start":{"line":14,"column":2},"end":{"line":16,"column":3}},"loc":{"start":{"line":14,"column":2},"end":{"line":16,"column":3}},"line":14},"3":{"name":"findById","decl":{"start":{"line":18,"column":2},"end":{"line":20,"column":3}},"loc":{"start":{"line":18,"column":2},"end":{"line":20,"column":3}},"line":18},"4":{"name":"updateById","decl":{"start":{"line":22,"column":2},"end":{"line":24,"column":3}},"loc":{"start":{"line":22,"column":2},"end":{"line":24,"column":3}},"line":22},"5":{"name":"deleteById","decl":{"start":{"line":26,"column":2},"end":{"line":28,"column":3}},"loc":{"start":{"line":26,"column":2},"end":{"line":28,"column":3}},"line":26}},"f":{"0":2,"1":1,"2":1,"3":2,"4":3,"5":2}}
,"C:\\Users\\Usuario\\Desktop\\pruebaTecnica\\src\\presentation\\routes.ts": {"path":"C:\\Users\\Usuario\\Desktop\\pruebaTecnica\\src\\presentation\\routes.ts","all":false,"statementMap":{"0":{"start":{"line":1,"column":0},"end":{"line":1,"column":33}},"1":{"start":{"line":2,"column":0},"end":{"line":2,"column":44}},"2":{"start":{"line":3,"column":0},"end":{"line":3,"column":0}},"3":{"start":{"line":4,"column":0},"end":{"line":4,"column":0}},"4":{"start":{"line":5,"column":0},"end":{"line":5,"column":0}},"5":{"start":{"line":6,"column":0},"end":{"line":6,"column":24}},"6":{"start":{"line":7,"column":0},"end":{"line":7,"column":0}},"7":{"start":{"line":8,"column":0},"end":{"line":8,"column":31}},"8":{"start":{"line":9,"column":0},"end":{"line":9,"column":4}},"9":{"start":{"line":10,"column":0},"end":{"line":10,"column":28}},"10":{"start":{"line":11,"column":0},"end":{"line":11,"column":0}},"11":{"start":{"line":12,"column":0},"end":{"line":12,"column":47}},"12":{"start":{"line":13,"column":0},"end":{"line":13,"column":0}},"13":{"start":{"line":14,"column":0},"end":{"line":14,"column":18}},"14":{"start":{"line":15,"column":0},"end":{"line":15,"column":3}},"15":{"start":{"line":16,"column":0},"end":{"line":16,"column":0}},"16":{"start":{"line":17,"column":0},"end":{"line":17,"column":0}},"17":{"start":{"line":18,"column":0},"end":{"line":18,"column":1}}},"s":{"0":1,"1":1,"2":1,"3":1,"4":1,"5":1,"6":1,"7":1,"8":2,"9":2,"10":2,"11":2,"12":2,"13":2,"14":2,"15":1,"16":1,"17":1},"branchMap":{"0":{"type":"branch","line":8,"loc":{"start":{"line":8,"column":8},"end":{"line":15,"column":3}},"locations":[{"start":{"line":8,"column":8},"end":{"line":15,"column":3}}]}},"b":{"0":[2]},"fnMap":{"0":{"name":"get routes","decl":{"start":{"line":8,"column":8},"end":{"line":15,"column":3}},"loc":{"start":{"line":8,"column":8},"end":{"line":15,"column":3}},"line":8}},"f":{"0":2}}
,"C:\\Users\\Usuario\\Desktop\\pruebaTecnica\\src\\presentation\\server.ts": {"path":"C:\\Users\\Usuario\\Desktop\\pruebaTecnica\\src\\presentation\\server.ts","all":false,"statementMap":{"0":{"start":{"line":1,"column":0},"end":{"line":1,"column":41}},"1":{"start":{"line":2,"column":0},"end":{"line":2,"column":60}},"2":{"start":{"line":3,"column":0},"end":{"line":3,"column":0}},"3":{"start":{"line":4,"column":0},"end":{"line":4,"column":19}},"4":{"start":{"line":5,"column":0},"end":{"line":5,"column":15}},"5":{"start":{"line":6,"column":0},"end":{"line":6,"column":16}},"6":{"start":{"line":7,"column":0},"end":{"line":7,"column":1}},"7":{"start":{"line":8,"column":0},"end":{"line":8,"column":0}},"8":{"start":{"line":9,"column":0},"end":{"line":9,"column":0}},"9":{"start":{"line":10,"column":0},"end":{"line":10,"column":21}},"10":{"start":{"line":11,"column":0},"end":{"line":11,"column":2}},"11":{"start":{"line":12,"column":0},"end":{"line":12,"column":33}},"12":{"start":{"line":13,"column":0},"end":{"line":13,"column":32}},"13":{"start":{"line":14,"column":0},"end":{"line":14,"column":34}},"14":{"start":{"line":15,"column":0},"end":{"line":15,"column":2}},"15":{"start":{"line":16,"column":0},"end":{"line":16,"column":33}},"16":{"start":{"line":17,"column":0},"end":{"line":17,"column":37}},"17":{"start":{"line":18,"column":0},"end":{"line":18,"column":21}},"18":{"start":{"line":19,"column":0},"end":{"line":19,"column":25}},"19":{"start":{"line":20,"column":0},"end":{"line":20,"column":3}},"20":{"start":{"line":21,"column":0},"end":{"line":21,"column":0}},"21":{"start":{"line":22,"column":0},"end":{"line":22,"column":0}},"22":{"start":{"line":23,"column":0},"end":{"line":23,"column":17}},"23":{"start":{"line":24,"column":0},"end":{"line":24,"column":0}},"24":{"start":{"line":25,"column":0},"end":{"line":25,"column":19}},"25":{"start":{"line":26,"column":0},"end":{"line":26,"column":33}},"26":{"start":{"line":27,"column":0},"end":{"line":27,"column":31}},"27":{"start":{"line":28,"column":0},"end":{"line":28,"column":0}},"28":{"start":{"line":29,"column":0},"end":{"line":29,"column":14}},"29":{"start":{"line":30,"column":0},"end":{"line":30,"column":30}},"30":{"start":{"line":31,"column":0},"end":{"line":31,"column":0}},"31":{"start":{"line":32,"column":0},"end":{"line":32,"column":20}},"32":{"start":{"line":33,"column":0},"end":{"line":33,"column":38}},"33":{"start":{"line":34,"column":0},"end":{"line":34,"column":59}},"34":{"start":{"line":35,"column":0},"end":{"line":35,"column":7}},"35":{"start":{"line":36,"column":0},"end":{"line":36,"column":3}},"36":{"start":{"line":37,"column":0},"end":{"line":37,"column":0}},"37":{"start":{"line":38,"column":0},"end":{"line":38,"column":1}}},"s":{"0":1,"1":1,"2":1,"3":1,"4":1,"5":1,"6":1,"7":1,"8":1,"9":1,"10":1,"11":1,"12":1,"13":1,"14":1,"15":1,"16":1,"17":1,"18":1,"19":1,"20":1,"21":1,"22":1,"23":1,"24":1,"25":1,"26":1,"27":1,"28":1,"29":1,"30":1,"31":1,"32":1,"33":1,"34":1,"35":1,"36":1,"37":1},"branchMap":{"0":{"type":"branch","line":16,"loc":{"start":{"line":16,"column":2},"end":{"line":20,"column":3}},"locations":[{"start":{"line":16,"column":2},"end":{"line":20,"column":3}}]},"1":{"type":"branch","line":23,"loc":{"start":{"line":23,"column":8},"end":{"line":36,"column":3}},"locations":[{"start":{"line":23,"column":8},"end":{"line":36,"column":3}}]},"2":{"type":"branch","line":33,"loc":{"start":{"line":33,"column":31},"end":{"line":35,"column":5}},"locations":[{"start":{"line":33,"column":31},"end":{"line":35,"column":5}}]}},"b":{"0":[1],"1":[1],"2":[1]},"fnMap":{"0":{"name":"Server","decl":{"start":{"line":16,"column":2},"end":{"line":20,"column":3}},"loc":{"start":{"line":16,"column":2},"end":{"line":20,"column":3}},"line":16},"1":{"name":"start","decl":{"start":{"line":23,"column":8},"end":{"line":36,"column":3}},"loc":{"start":{"line":23,"column":8},"end":{"line":36,"column":3}},"line":23}},"f":{"0":1,"1":1}}
,"C:\\Users\\Usuario\\Desktop\\pruebaTecnica\\src\\presentation\\books\\controller.ts": {"path":"C:\\Users\\Usuario\\Desktop\\pruebaTecnica\\src\\presentation\\books\\controller.ts","all":false,"statementMap":{"0":{"start":{"line":1,"column":0},"end":{"line":1,"column":44}},"1":{"start":{"line":2,"column":0},"end":{"line":2,"column":63}},"2":{"start":{"line":3,"column":0},"end":{"line":3,"column":92}},"3":{"start":{"line":4,"column":0},"end":{"line":4,"column":63}},"4":{"start":{"line":5,"column":0},"end":{"line":5,"column":0}},"5":{"start":{"line":6,"column":0},"end":{"line":6,"column":0}},"6":{"start":{"line":7,"column":0},"end":{"line":7,"column":30}},"7":{"start":{"line":8,"column":0},"end":{"line":8,"column":0}},"8":{"start":{"line":9,"column":0},"end":{"line":9,"column":7}},"9":{"start":{"line":10,"column":0},"end":{"line":10,"column":14}},"10":{"start":{"line":11,"column":0},"end":{"line":11,"column":51}},"11":{"start":{"line":12,"column":0},"end":{"line":12,"column":7}},"12":{"start":{"line":13,"column":0},"end":{"line":13,"column":0}},"13":{"start":{"line":14,"column":0},"end":{"line":14,"column":0}},"14":{"start":{"line":15,"column":0},"end":{"line":15,"column":43}},"15":{"start":{"line":16,"column":0},"end":{"line":16,"column":54}},"16":{"start":{"line":17,"column":0},"end":{"line":17,"column":37}},"17":{"start":{"line":18,"column":0},"end":{"line":18,"column":16}},"18":{"start":{"line":19,"column":0},"end":{"line":19,"column":37}},"19":{"start":{"line":20,"column":0},"end":{"line":20,"column":55}},"20":{"start":{"line":21,"column":0},"end":{"line":21,"column":3}},"21":{"start":{"line":22,"column":0},"end":{"line":22,"column":0}},"22":{"start":{"line":23,"column":0},"end":{"line":23,"column":2}},"23":{"start":{"line":24,"column":0},"end":{"line":24,"column":42}},"24":{"start":{"line":25,"column":0},"end":{"line":25,"column":57}},"25":{"start":{"line":26,"column":0},"end":{"line":26,"column":0}},"26":{"start":{"line":27,"column":0},"end":{"line":27,"column":30}},"27":{"start":{"line":28,"column":0},"end":{"line":28,"column":28}},"28":{"start":{"line":29,"column":0},"end":{"line":29,"column":59}},"29":{"start":{"line":30,"column":0},"end":{"line":30,"column":5}},"30":{"start":{"line":31,"column":0},"end":{"line":31,"column":0}},"31":{"start":{"line":32,"column":0},"end":{"line":32,"column":36}},"32":{"start":{"line":33,"column":0},"end":{"line":33,"column":26}},"33":{"start":{"line":34,"column":0},"end":{"line":34,"column":35}},"34":{"start":{"line":35,"column":0},"end":{"line":35,"column":55}},"35":{"start":{"line":36,"column":0},"end":{"line":36,"column":3}},"36":{"start":{"line":37,"column":0},"end":{"line":37,"column":0}},"37":{"start":{"line":38,"column":0},"end":{"line":38,"column":0}},"38":{"start":{"line":39,"column":0},"end":{"line":39,"column":33}},"39":{"start":{"line":40,"column":0},"end":{"line":40,"column":56}},"40":{"start":{"line":41,"column":0},"end":{"line":41,"column":0}},"41":{"start":{"line":42,"column":0},"end":{"line":42,"column":66}},"42":{"start":{"line":43,"column":0},"end":{"line":43,"column":61}},"43":{"start":{"line":44,"column":0},"end":{"line":44,"column":4}},"44":{"start":{"line":45,"column":0},"end":{"line":45,"column":39}},"45":{"start":{"line":46,"column":0},"end":{"line":46,"column":30}},"46":{"start":{"line":47,"column":0},"end":{"line":47,"column":47}},"47":{"start":{"line":48,"column":0},"end":{"line":48,"column":55}},"48":{"start":{"line":49,"column":0},"end":{"line":49,"column":3}},"49":{"start":{"line":50,"column":0},"end":{"line":50,"column":0}},"50":{"start":{"line":51,"column":0},"end":{"line":51,"column":0}},"51":{"start":{"line":52,"column":0},"end":{"line":52,"column":38}},"52":{"start":{"line":53,"column":0},"end":{"line":53,"column":56}},"53":{"start":{"line":54,"column":0},"end":{"line":54,"column":0}},"54":{"start":{"line":55,"column":0},"end":{"line":55,"column":30}},"55":{"start":{"line":56,"column":0},"end":{"line":56,"column":73}},"56":{"start":{"line":57,"column":0},"end":{"line":57,"column":61}},"57":{"start":{"line":58,"column":0},"end":{"line":58,"column":4}},"58":{"start":{"line":59,"column":0},"end":{"line":59,"column":39}},"59":{"start":{"line":60,"column":0},"end":{"line":60,"column":28}},"60":{"start":{"line":61,"column":0},"end":{"line":61,"column":35}},"61":{"start":{"line":62,"column":0},"end":{"line":62,"column":55}},"62":{"start":{"line":63,"column":0},"end":{"line":63,"column":3}},"63":{"start":{"line":64,"column":0},"end":{"line":64,"column":0}},"64":{"start":{"line":65,"column":0},"end":{"line":65,"column":0}},"65":{"start":{"line":66,"column":0},"end":{"line":66,"column":36}},"66":{"start":{"line":67,"column":0},"end":{"line":67,"column":56}},"67":{"start":{"line":68,"column":0},"end":{"line":68,"column":0}},"68":{"start":{"line":69,"column":0},"end":{"line":69,"column":30}},"69":{"start":{"line":70,"column":0},"end":{"line":70,"column":28}},"70":{"start":{"line":71,"column":0},"end":{"line":71,"column":59}},"71":{"start":{"line":72,"column":0},"end":{"line":72,"column":5}},"72":{"start":{"line":73,"column":0},"end":{"line":73,"column":0}},"73":{"start":{"line":74,"column":0},"end":{"line":74,"column":39}},"74":{"start":{"line":75,"column":0},"end":{"line":75,"column":26}},"75":{"start":{"line":76,"column":0},"end":{"line":76,"column":47}},"76":{"start":{"line":77,"column":0},"end":{"line":77,"column":55}},"77":{"start":{"line":78,"column":0},"end":{"line":78,"column":3}},"78":{"start":{"line":79,"column":0},"end":{"line":79,"column":0}},"79":{"start":{"line":80,"column":0},"end":{"line":80,"column":0}},"80":{"start":{"line":81,"column":0},"end":{"line":81,"column":1}}},"s":{"0":1,"1":1,"2":1,"3":1,"4":1,"5":1,"6":1,"7":1,"8":1,"9":1,"10":2,"11":2,"12":1,"13":1,"14":1,"15":1,"16":1,"17":1,"18":1,"19":1,"20":1,"21":1,"22":1,"23":1,"24":1,"25":3,"26":3,"27":3,"28":1,"29":1,"30":2,"31":2,"32":2,"33":2,"34":2,"35":2,"36":1,"37":1,"38":1,"39":1,"40":4,"41":4,"42":4,"43":1,"44":1,"45":1,"46":1,"47":1,"48":1,"49":1,"50":1,"51":1,"52":1,"53":4,"54":4,"55":4,"56":4,"57":3,"58":3,"59":3,"60":3,"61":3,"62":3,"63":1,"64":1,"65":1,"66":1,"67":3,"68":3,"69":3,"70":1,"71":1,"72":2,"73":2,"74":2,"75":2,"76":2,"77":2,"78":1,"79":1,"80":1},"branchMap":{"0":{"type":"branch","line":10,"loc":{"start":{"line":10,"column":2},"end":{"line":12,"column":7}},"locations":[{"start":{"line":10,"column":2},"end":{"line":12,"column":7}}]},"1":{"type":"branch","line":16,"loc":{"start":{"line":16,"column":20},"end":{"line":21,"column":3}},"locations":[{"start":{"line":16,"column":20},"end":{"line":21,"column":3}}]},"2":{"type":"branch","line":19,"loc":{"start":{"line":19,"column":12},"end":{"line":19,"column":36}},"locations":[{"start":{"line":19,"column":12},"end":{"line":19,"column":36}}]},"3":{"type":"branch","line":25,"loc":{"start":{"line":25,"column":23},"end":{"line":36,"column":3}},"locations":[{"start":{"line":25,"column":23},"end":{"line":36,"column":3}}]},"4":{"type":"branch","line":28,"loc":{"start":{"line":28,"column":27},"end":{"line":30,"column":5}},"locations":[{"start":{"line":28,"column":27},"end":{"line":30,"column":5}}]},"5":{"type":"branch","line":31,"loc":{"start":{"line":31,"column":-2},"end":{"line":36,"column":3}},"locations":[{"start":{"line":31,"column":-2},"end":{"line":36,"column":3}}]},"6":{"type":"branch","line":34,"loc":{"start":{"line":34,"column":12},"end":{"line":34,"column":34}},"locations":[{"start":{"line":34,"column":12},"end":{"line":34,"column":34}}]},"7":{"type":"branch","line":35,"loc":{"start":{"line":35,"column":13},"end":{"line":35,"column":53}},"locations":[{"start":{"line":35,"column":13},"end":{"line":35,"column":53}}]},"8":{"type":"branch","line":40,"loc":{"start":{"line":40,"column":22},"end":{"line":49,"column":3}},"locations":[{"start":{"line":40,"column":22},"end":{"line":49,"column":3}}]},"9":{"type":"branch","line":43,"loc":{"start":{"line":43,"column":15},"end":{"line":43,"column":61}},"locations":[{"start":{"line":43,"column":15},"end":{"line":43,"column":61}}]},"10":{"type":"branch","line":44,"loc":{"start":{"line":44,"column":-2},"end":{"line":49,"column":3}},"locations":[{"start":{"line":44,"column":-2},"end":{"line":49,"column":3}}]},"11":{"type":"branch","line":47,"loc":{"start":{"line":47,"column":12},"end":{"line":47,"column":46}},"locations":[{"start":{"line":47,"column":12},"end":{"line":47,"column":46}}]},"12":{"type":"branch","line":53,"loc":{"start":{"line":53,"column":22},"end":{"line":63,"column":3}},"locations":[{"start":{"line":53,"column":22},"end":{"line":63,"column":3}}]},"13":{"type":"branch","line":57,"loc":{"start":{"line":57,"column":15},"end":{"line":57,"column":61}},"locations":[{"start":{"line":57,"column":15},"end":{"line":57,"column":61}}]},"14":{"type":"branch","line":58,"loc":{"start":{"line":58,"column":-2},"end":{"line":63,"column":3}},"locations":[{"start":{"line":58,"column":-2},"end":{"line":63,"column":3}}]},"15":{"type":"branch","line":61,"loc":{"start":{"line":61,"column":12},"end":{"line":61,"column":34}},"locations":[{"start":{"line":61,"column":12},"end":{"line":61,"column":34}}]},"16":{"type":"branch","line":62,"loc":{"start":{"line":62,"column":13},"end":{"line":62,"column":53}},"locations":[{"start":{"line":62,"column":13},"end":{"line":62,"column":53}}]},"17":{"type":"branch","line":67,"loc":{"start":{"line":67,"column":22},"end":{"line":78,"column":3}},"locations":[{"start":{"line":67,"column":22},"end":{"line":78,"column":3}}]},"18":{"type":"branch","line":70,"loc":{"start":{"line":70,"column":27},"end":{"line":72,"column":5}},"locations":[{"start":{"line":70,"column":27},"end":{"line":72,"column":5}}]},"19":{"type":"branch","line":73,"loc":{"start":{"line":73,"column":-2},"end":{"line":78,"column":3}},"locations":[{"start":{"line":73,"column":-2},"end":{"line":78,"column":3}}]},"20":{"type":"branch","line":76,"loc":{"start":{"line":76,"column":12},"end":{"line":76,"column":46}},"locations":[{"start":{"line":76,"column":12},"end":{"line":76,"column":46}}]},"21":{"type":"branch","line":77,"loc":{"start":{"line":77,"column":13},"end":{"line":77,"column":53}},"locations":[{"start":{"line":77,"column":13},"end":{"line":77,"column":53}}]}},"b":{"0":[2],"1":[1],"2":[1],"3":[3],"4":[1],"5":[2],"6":[1],"7":[1],"8":[4],"9":[3],"10":[1],"11":[1],"12":[4],"13":[1],"14":[3],"15":[2],"16":[1],"17":[3],"18":[1],"19":[2],"20":[1],"21":[1]},"fnMap":{"0":{"name":"BooksController","decl":{"start":{"line":10,"column":2},"end":{"line":12,"column":7}},"loc":{"start":{"line":10,"column":2},"end":{"line":12,"column":7}},"line":10},"1":{"name":"BooksController.getBooks","decl":{"start":{"line":16,"column":20},"end":{"line":21,"column":3}},"loc":{"start":{"line":16,"column":20},"end":{"line":21,"column":3}},"line":16},"2":{"name":"BooksController.getBookById","decl":{"start":{"line":25,"column":23},"end":{"line":36,"column":3}},"loc":{"start":{"line":25,"column":23},"end":{"line":36,"column":3}},"line":25},"3":{"name":"BooksController.createBook","decl":{"start":{"line":40,"column":22},"end":{"line":49,"column":3}},"loc":{"start":{"line":40,"column":22},"end":{"line":49,"column":3}},"line":40},"4":{"name":"BooksController.updateBook","decl":{"start":{"line":53,"column":22},"end":{"line":63,"column":3}},"loc":{"start":{"line":53,"column":22},"end":{"line":63,"column":3}},"line":53},"5":{"name":"BooksController.deleteBook","decl":{"start":{"line":67,"column":22},"end":{"line":78,"column":3}},"loc":{"start":{"line":67,"column":22},"end":{"line":78,"column":3}},"line":67}},"f":{"0":2,"1":1,"2":3,"3":4,"4":4,"5":3}}
,"C:\\Users\\Usuario\\Desktop\\pruebaTecnica\\src\\presentation\\books\\routes.ts": {"path":"C:\\Users\\Usuario\\Desktop\\pruebaTecnica\\src\\presentation\\books\\routes.ts","all":false,"statementMap":{"0":{"start":{"line":1,"column":0},"end":{"line":1,"column":33}},"1":{"start":{"line":2,"column":0},"end":{"line":2,"column":47}},"2":{"start":{"line":3,"column":0},"end":{"line":3,"column":90}},"3":{"start":{"line":4,"column":0},"end":{"line":4,"column":92}},"4":{"start":{"line":5,"column":0},"end":{"line":5,"column":0}},"5":{"start":{"line":6,"column":0},"end":{"line":6,"column":0}},"6":{"start":{"line":7,"column":0},"end":{"line":7,"column":0}},"7":{"start":{"line":8,"column":0},"end":{"line":8,"column":25}},"8":{"start":{"line":9,"column":0},"end":{"line":9,"column":0}},"9":{"start":{"line":10,"column":0},"end":{"line":10,"column":0}},"10":{"start":{"line":11,"column":0},"end":{"line":11,"column":31}},"11":{"start":{"line":12,"column":0},"end":{"line":12,"column":4}},"12":{"start":{"line":13,"column":0},"end":{"line":13,"column":28}},"13":{"start":{"line":14,"column":0},"end":{"line":14,"column":48}},"14":{"start":{"line":15,"column":0},"end":{"line":15,"column":60}},"15":{"start":{"line":16,"column":0},"end":{"line":16,"column":62}},"16":{"start":{"line":17,"column":0},"end":{"line":17,"column":0}},"17":{"start":{"line":18,"column":0},"end":{"line":18,"column":0}},"18":{"start":{"line":19,"column":0},"end":{"line":19,"column":47}},"19":{"start":{"line":20,"column":0},"end":{"line":20,"column":53}},"20":{"start":{"line":21,"column":0},"end":{"line":21,"column":50}},"21":{"start":{"line":22,"column":0},"end":{"line":22,"column":52}},"22":{"start":{"line":23,"column":0},"end":{"line":23,"column":55}},"23":{"start":{"line":24,"column":0},"end":{"line":24,"column":0}},"24":{"start":{"line":25,"column":0},"end":{"line":25,"column":18}},"25":{"start":{"line":26,"column":0},"end":{"line":26,"column":3}},"26":{"start":{"line":27,"column":0},"end":{"line":27,"column":0}},"27":{"start":{"line":28,"column":0},"end":{"line":28,"column":0}},"28":{"start":{"line":29,"column":0},"end":{"line":29,"column":1}}},"s":{"0":1,"1":1,"2":1,"3":1,"4":1,"5":1,"6":1,"7":1,"8":1,"9":1,"10":1,"11":2,"12":2,"13":2,"14":2,"15":2,"16":2,"17":2,"18":2,"19":2,"20":2,"21":2,"22":2,"23":2,"24":2,"25":2,"26":1,"27":1,"28":1},"branchMap":{"0":{"type":"branch","line":11,"loc":{"start":{"line":11,"column":8},"end":{"line":26,"column":3}},"locations":[{"start":{"line":11,"column":8},"end":{"line":26,"column":3}}]}},"b":{"0":[2]},"fnMap":{"0":{"name":"get routes","decl":{"start":{"line":11,"column":8},"end":{"line":26,"column":3}},"loc":{"start":{"line":11,"column":8},"end":{"line":26,"column":3}},"line":11}},"f":{"0":2}}
,"C:\\Users\\Usuario\\Desktop\\pruebaTecnica\\src\\presentation\\middlewares\\requestLogger.ts": {"path":"C:\\Users\\Usuario\\Desktop\\pruebaTecnica\\src\\presentation\\middlewares\\requestLogger.ts","all":false,"statementMap":{"0":{"start":{"line":1,"column":0},"end":{"line":1,"column":58}},"1":{"start":{"line":2,"column":0},"end":{"line":2,"column":45}},"2":{"start":{"line":3,"column":0},"end":{"line":3,"column":0}},"3":{"start":{"line":4,"column":0},"end":{"line":4,"column":88}},"4":{"start":{"line":5,"column":0},"end":{"line":5,"column":33}},"5":{"start":{"line":6,"column":0},"end":{"line":6,"column":30}},"6":{"start":{"line":7,"column":0},"end":{"line":7,"column":0}},"7":{"start":{"line":8,"column":0},"end":{"line":8,"column":7}},"8":{"start":{"line":9,"column":0},"end":{"line":9,"column":0}},"9":{"start":{"line":10,"column":0},"end":{"line":10,"column":36}},"10":{"start":{"line":11,"column":0},"end":{"line":11,"column":13}},"11":{"start":{"line":12,"column":0},"end":{"line":12,"column":15}},"12":{"start":{"line":13,"column":0},"end":{"line":13,"column":12}},"13":{"start":{"line":14,"column":0},"end":{"line":14,"column":20}},"14":{"start":{"line":15,"column":0},"end":{"line":15,"column":8}},"15":{"start":{"line":16,"column":0},"end":{"line":16,"column":7}},"16":{"start":{"line":17,"column":0},"end":{"line":17,"column":0}},"17":{"start":{"line":18,"column":0},"end":{"line":18,"column":12}},"18":{"start":{"line":19,"column":0},"end":{"line":19,"column":19}},"19":{"start":{"line":20,"column":0},"end":{"line":20,"column":61}},"20":{"start":{"line":21,"column":0},"end":{"line":21,"column":16}},"21":{"start":{"line":22,"column":0},"end":{"line":22,"column":3}},"22":{"start":{"line":23,"column":0},"end":{"line":23,"column":1}}},"s":{"0":1,"1":1,"2":1,"3":1,"4":15,"5":15,"6":15,"7":15,"8":15,"9":15,"10":15,"11":15,"12":15,"13":15,"14":15,"15":15,"16":15,"17":15,"18":15,"19":0,"20":0,"21":0,"22":15},"branchMap":{"0":{"type":"branch","line":4,"loc":{"start":{"line":4,"column":29},"end":{"line":23,"column":1}},"locations":[{"start":{"line":4,"column":29},"end":{"line":23,"column":1}}]},"1":{"type":"branch","line":4,"loc":{"start":{"line":4,"column":86},"end":{"line":23,"column":1}},"locations":[{"start":{"line":4,"column":86},"end":{"line":23,"column":1}}]},"2":{"type":"branch","line":19,"loc":{"start":{"line":19,"column":4},"end":{"line":22,"column":3}},"locations":[{"start":{"line":19,"column":4},"end":{"line":22,"column":3}}]}},"b":{"0":[15],"1":[15],"2":[0]},"fnMap":{"0":{"name":"requestLogger","decl":{"start":{"line":4,"column":29},"end":{"line":23,"column":1}},"loc":{"start":{"line":4,"column":29},"end":{"line":23,"column":1}},"line":4}},"f":{"0":15}}
}
