TN:
SF:src\app.ts
FN:12,main
FNF:1
FNH:1
FNDA:1,main
DA:1,1
DA:2,1
DA:3,1
DA:4,1
DA:5,1
DA:6,1
DA:7,1
DA:8,1
DA:9,1
DA:10,1
DA:11,1
DA:12,1
DA:13,1
DA:14,1
DA:15,1
DA:16,1
DA:17,1
DA:18,1
LF:18
LH:18
BRDA:6,0,0,1
BRDA:6,1,0,1
BRDA:12,2,0,1
BRF:3
BRH:3
end_of_record
TN:
SF:src\test-server.ts
FNF:0
FNH:0
DA:1,1
DA:2,1
DA:3,1
DA:4,1
DA:5,1
DA:6,1
DA:7,1
DA:8,1
DA:9,1
DA:10,1
LF:10
LH:10
BRF:0
BRH:0
end_of_record
TN:
SF:src\config\envs.ts
FNF:0
FNH:0
DA:1,1
DA:2,1
DA:3,1
DA:4,1
DA:5,1
DA:6,1
DA:7,1
DA:8,1
DA:9,1
DA:10,1
LF:10
LH:10
BRF:0
BRH:0
end_of_record
TN:
SF:src\data\postgres\index.ts
FNF:0
FNH:0
DA:1,1
DA:2,1
DA:3,1
DA:4,1
LF:4
LH:4
BRF:0
BRH:0
end_of_record
TN:
SF:src\domain\index.ts
FNF:0
FNH:0
DA:1,1
DA:2,1
DA:3,1
DA:4,1
DA:5,1
DA:6,1
DA:7,1
DA:8,1
DA:9,1
DA:10,1
DA:11,1
DA:12,1
LF:12
LH:12
BRF:0
BRH:0
end_of_record
TN:
SF:src\domain\datasources\book.datasource.ts
FNF:0
FNH:0
DA:1,1
DA:2,1
DA:3,1
DA:4,1
DA:5,1
DA:6,1
DA:7,1
DA:8,1
DA:9,1
DA:10,1
DA:11,1
DA:12,1
DA:13,1
DA:14,1
DA:15,1
DA:16,1
DA:17,1
LF:17
LH:17
BRF:0
BRH:0
end_of_record
TN:
SF:src\domain\dtos\index.ts
FNF:0
FNH:0
DA:1,1
DA:2,1
DA:3,1
DA:4,1
LF:4
LH:4
BRF:0
BRH:0
end_of_record
TN:
SF:src\domain\dtos\books\create-book.dto.ts
FN:6,CreateBookDto
FN:12,create
FNF:2
FNH:2
FNDA:1,CreateBookDto
FNDA:4,create
DA:1,1
DA:2,1
DA:3,1
DA:4,1
DA:5,1
DA:6,1
DA:7,1
DA:8,1
DA:9,1
DA:10,1
DA:11,1
DA:12,1
DA:13,4
DA:14,4
DA:15,4
DA:16,4
DA:17,4
DA:18,4
DA:19,1
DA:20,1
DA:21,1
DA:22,1
DA:23,1
DA:24,1
DA:25,1
DA:26,1
LF:26
LH:26
BRDA:6,0,0,1
BRDA:12,1,0,4
BRDA:16,2,0,1
BRDA:17,3,0,3
BRDA:17,4,0,1
BRDA:18,5,0,2
BRDA:18,6,0,1
BRF:7
BRH:7
end_of_record
TN:
SF:src\domain\dtos\books\edit-book.dto.ts
FN:6,EditBookDto
FN:13,get values
FN:21,create
FNF:3
FNH:3
FNDA:3,EditBookDto
FNDA:2,get values
FNDA:4,create
DA:1,1
DA:2,1
DA:3,1
DA:4,1
DA:5,1
DA:6,1
DA:7,3
DA:8,3
DA:9,3
DA:10,3
DA:11,3
DA:12,1
DA:13,1
DA:14,2
DA:15,2
DA:16,2
DA:17,2
DA:18,2
DA:19,2
DA:20,1
DA:21,1
DA:22,4
DA:23,4
DA:24,4
DA:25,4
DA:26,4
DA:27,4
DA:28,4
DA:29,3
DA:30,3
DA:31,3
DA:32,3
DA:33,3
DA:34,1
DA:35,1
LF:35
LH:35
BRDA:6,0,0,3
BRDA:13,1,0,2
BRDA:15,2,0,1
BRDA:16,3,0,1
BRDA:21,4,0,4
BRDA:25,5,0,1
BRDA:26,6,0,3
BRDA:26,7,0,2
BRDA:26,8,0,0
BRDA:27,9,0,3
BRDA:27,10,0,2
BRDA:27,11,0,0
BRDA:28,12,0,3
BRDA:28,13,0,0
BRDA:29,14,0,3
BRF:15
BRH:12
end_of_record
TN:
SF:src\domain\entities\book.entity.ts
FN:5,BookEntity
FN:12,get summary
FN:17,fromObject
FNF:3
FNH:2
FNDA:172,BookEntity
FNDA:0,get summary
FNDA:172,fromObject
DA:1,1
DA:2,1
DA:3,1
DA:4,1
DA:5,1
DA:6,172
DA:7,172
DA:8,172
DA:9,172
DA:10,172
DA:11,1
DA:12,1
DA:13,0
DA:14,0
DA:15,0
DA:16,1
DA:17,1
DA:18,172
DA:19,172
DA:20,172
DA:21,172
DA:22,172
DA:23,172
DA:24,172
DA:25,172
DA:26,172
DA:27,1
DA:28,1
DA:29,1
LF:29
LH:26
BRDA:5,0,0,172
BRDA:17,1,0,172
BRDA:20,2,0,0
BRDA:21,3,0,0
BRDA:22,4,0,0
BRDA:23,5,0,0
BRF:6
BRH:2
end_of_record
TN:
SF:src\domain\repositories\book.repository.ts
FNF:0
FNH:0
DA:1,1
DA:2,1
DA:3,1
DA:4,1
DA:5,1
DA:6,1
DA:7,1
DA:8,1
DA:9,1
DA:10,1
DA:11,1
DA:12,1
DA:13,1
DA:14,1
DA:15,1
DA:16,1
DA:17,1
LF:17
LH:17
BRF:0
BRH:0
end_of_record
TN:
SF:src\domain\use-cases\book\create-book.ts
FN:11,CreateBook
FN:15,execute
FNF:2
FNH:2
FNDA:1,CreateBook
FNDA:1,execute
DA:1,1
DA:2,1
DA:3,1
DA:4,1
DA:5,1
DA:6,1
DA:7,1
DA:8,1
DA:9,1
DA:10,1
DA:11,1
DA:12,1
DA:13,1
DA:14,1
DA:15,1
DA:16,1
DA:17,1
DA:18,1
LF:18
LH:18
BRDA:11,0,0,1
BRDA:15,1,0,1
BRF:2
BRH:2
end_of_record
TN:
SF:src\domain\use-cases\book\delete-book.ts
FN:10,DeleteBook
FN:14,execute
FNF:2
FNH:2
FNDA:2,DeleteBook
FNDA:2,execute
DA:1,1
DA:2,1
DA:3,1
DA:4,1
DA:5,1
DA:6,1
DA:7,1
DA:8,1
DA:9,1
DA:10,1
DA:11,2
DA:12,2
DA:13,1
DA:14,1
DA:15,2
DA:16,2
DA:17,1
LF:17
LH:17
BRDA:10,0,0,2
BRDA:14,1,0,2
BRF:2
BRH:2
end_of_record
TN:
SF:src\domain\use-cases\book\get-book.ts
FN:10,GetBook
FN:14,execute
FNF:2
FNH:2
FNDA:2,GetBook
FNDA:2,execute
DA:1,1
DA:2,1
DA:3,1
DA:4,1
DA:5,1
DA:6,1
DA:7,1
DA:8,1
DA:9,1
DA:10,1
DA:11,2
DA:12,2
DA:13,1
DA:14,1
DA:15,2
DA:16,2
DA:17,1
LF:17
LH:17
BRDA:10,0,0,2
BRDA:14,1,0,2
BRF:2
BRH:2
end_of_record
TN:
SF:src\domain\use-cases\book\get-books.ts
FN:10,GetBooks
FN:14,execute
FNF:2
FNH:2
FNDA:1,GetBooks
FNDA:1,execute
DA:1,1
DA:2,1
DA:3,1
DA:4,1
DA:5,1
DA:6,1
DA:7,1
DA:8,1
DA:9,1
DA:10,1
DA:11,1
DA:12,1
DA:13,1
DA:14,1
DA:15,1
DA:16,1
DA:17,1
LF:17
LH:17
BRDA:10,0,0,1
BRDA:14,1,0,1
BRF:2
BRH:2
end_of_record
TN:
SF:src\domain\use-cases\book\update-book.ts
FN:11,UpdateBook
FN:15,execute
FNF:2
FNH:2
FNDA:3,UpdateBook
FNDA:3,execute
DA:1,1
DA:2,1
DA:3,1
DA:4,1
DA:5,1
DA:6,1
DA:7,1
DA:8,1
DA:9,1
DA:10,1
DA:11,1
DA:12,3
DA:13,3
DA:14,1
DA:15,1
DA:16,3
DA:17,3
DA:18,1
LF:18
LH:18
BRDA:11,0,0,3
BRDA:15,1,0,3
BRF:2
BRH:2
end_of_record
TN:
SF:src\infrastructure\datasource\book.datasource.impl.ts
FN:9,create
FN:16,getAll
FN:21,findById
FN:31,updateById
FN:43,deleteById
FNF:5
FNH:5
FNDA:1,create
FNDA:1,getAll
FNDA:7,findById
FNDA:3,updateById
FNDA:2,deleteById
DA:1,1
DA:2,1
DA:3,1
DA:4,1
DA:5,1
DA:6,1
DA:7,1
DA:8,1
DA:9,1
DA:10,1
DA:11,1
DA:12,1
DA:13,1
DA:14,1
DA:15,1
DA:16,1
DA:17,1
DA:18,1
DA:19,1
DA:20,1
DA:21,1
DA:22,7
DA:23,7
DA:24,7
DA:25,7
DA:26,7
DA:27,7
DA:28,4
DA:29,4
DA:30,1
DA:31,1
DA:32,3
DA:33,2
DA:34,2
DA:35,2
DA:36,2
DA:37,2
DA:38,2
DA:39,2
DA:40,2
DA:41,2
DA:42,1
DA:43,1
DA:44,2
DA:45,1
DA:46,1
DA:47,1
DA:48,1
DA:49,1
DA:50,1
DA:51,1
DA:52,1
DA:53,1
LF:53
LH:53
BRDA:9,0,0,1
BRDA:16,1,0,1
BRDA:18,2,0,164
BRDA:21,3,0,7
BRDA:27,4,0,3
BRDA:28,5,0,4
BRDA:31,6,0,3
BRDA:33,7,0,2
BRDA:43,8,0,2
BRDA:45,9,0,1
BRF:10
BRH:10
end_of_record
TN:
SF:src\infrastructure\repositories\book.repository.impl.ts
FN:6,BookRepositoryImpl
FN:10,create
FN:14,getAll
FN:18,findById
FN:22,updateById
FN:26,deleteById
FNF:6
FNH:6
FNDA:2,BookRepositoryImpl
FNDA:1,create
FNDA:1,getAll
FNDA:2,findById
FNDA:3,updateById
FNDA:2,deleteById
DA:1,1
DA:2,1
DA:3,1
DA:4,1
DA:5,1
DA:6,1
DA:7,2
DA:8,2
DA:9,1
DA:10,1
DA:11,1
DA:12,1
DA:13,1
DA:14,1
DA:15,1
DA:16,1
DA:17,1
DA:18,1
DA:19,2
DA:20,2
DA:21,1
DA:22,1
DA:23,3
DA:24,3
DA:25,1
DA:26,1
DA:27,2
DA:28,2
DA:29,1
DA:30,1
LF:30
LH:30
BRDA:6,0,0,2
BRDA:10,1,0,1
BRDA:14,2,0,1
BRDA:18,3,0,2
BRDA:22,4,0,3
BRDA:26,5,0,2
BRF:6
BRH:6
end_of_record
TN:
SF:src\presentation\routes.ts
FN:8,get routes
FNF:1
FNH:1
FNDA:2,get routes
DA:1,1
DA:2,1
DA:3,1
DA:4,1
DA:5,1
DA:6,1
DA:7,1
DA:8,1
DA:9,2
DA:10,2
DA:11,2
DA:12,2
DA:13,2
DA:14,2
DA:15,2
DA:16,1
DA:17,1
DA:18,1
LF:18
LH:18
BRDA:8,0,0,2
BRF:1
BRH:1
end_of_record
TN:
SF:src\presentation\server.ts
FN:16,Server
FN:23,start
FNF:2
FNH:2
FNDA:1,Server
FNDA:1,start
DA:1,1
DA:2,1
DA:3,1
DA:4,1
DA:5,1
DA:6,1
DA:7,1
DA:8,1
DA:9,1
DA:10,1
DA:11,1
DA:12,1
DA:13,1
DA:14,1
DA:15,1
DA:16,1
DA:17,1
DA:18,1
DA:19,1
DA:20,1
DA:21,1
DA:22,1
DA:23,1
DA:24,1
DA:25,1
DA:26,1
DA:27,1
DA:28,1
DA:29,1
DA:30,1
DA:31,1
DA:32,1
DA:33,1
DA:34,1
DA:35,1
DA:36,1
DA:37,1
DA:38,1
LF:38
LH:38
BRDA:16,0,0,1
BRDA:23,1,0,1
BRDA:33,2,0,1
BRF:3
BRH:3
end_of_record
TN:
SF:src\presentation\books\controller.ts
FN:10,BooksController
FN:16,BooksController.getBooks
FN:25,BooksController.getBookById
FN:40,BooksController.createBook
FN:53,BooksController.updateBook
FN:67,BooksController.deleteBook
FNF:6
FNH:6
FNDA:2,BooksController
FNDA:1,BooksController.getBooks
FNDA:3,BooksController.getBookById
FNDA:4,BooksController.createBook
FNDA:4,BooksController.updateBook
FNDA:3,BooksController.deleteBook
DA:1,1
DA:2,1
DA:3,1
DA:4,1
DA:5,1
DA:6,1
DA:7,1
DA:8,1
DA:9,1
DA:10,1
DA:11,2
DA:12,2
DA:13,1
DA:14,1
DA:15,1
DA:16,1
DA:17,1
DA:18,1
DA:19,1
DA:20,1
DA:21,1
DA:22,1
DA:23,1
DA:24,1
DA:25,1
DA:26,3
DA:27,3
DA:28,3
DA:29,1
DA:30,1
DA:31,2
DA:32,2
DA:33,2
DA:34,2
DA:35,2
DA:36,2
DA:37,1
DA:38,1
DA:39,1
DA:40,1
DA:41,4
DA:42,4
DA:43,4
DA:44,1
DA:45,1
DA:46,1
DA:47,1
DA:48,1
DA:49,1
DA:50,1
DA:51,1
DA:52,1
DA:53,1
DA:54,4
DA:55,4
DA:56,4
DA:57,4
DA:58,3
DA:59,3
DA:60,3
DA:61,3
DA:62,3
DA:63,3
DA:64,1
DA:65,1
DA:66,1
DA:67,1
DA:68,3
DA:69,3
DA:70,3
DA:71,1
DA:72,1
DA:73,2
DA:74,2
DA:75,2
DA:76,2
DA:77,2
DA:78,2
DA:79,1
DA:80,1
DA:81,1
LF:81
LH:81
BRDA:10,0,0,2
BRDA:16,1,0,1
BRDA:19,2,0,1
BRDA:25,3,0,3
BRDA:28,4,0,1
BRDA:31,5,0,2
BRDA:34,6,0,1
BRDA:35,7,0,1
BRDA:40,8,0,4
BRDA:43,9,0,3
BRDA:44,10,0,1
BRDA:47,11,0,1
BRDA:53,12,0,4
BRDA:57,13,0,1
BRDA:58,14,0,3
BRDA:61,15,0,2
BRDA:62,16,0,1
BRDA:67,17,0,3
BRDA:70,18,0,1
BRDA:73,19,0,2
BRDA:76,20,0,1
BRDA:77,21,0,1
BRF:22
BRH:22
end_of_record
TN:
SF:src\presentation\books\routes.ts
FN:11,get routes
FNF:1
FNH:1
FNDA:2,get routes
DA:1,1
DA:2,1
DA:3,1
DA:4,1
DA:5,1
DA:6,1
DA:7,1
DA:8,1
DA:9,1
DA:10,1
DA:11,1
DA:12,2
DA:13,2
DA:14,2
DA:15,2
DA:16,2
DA:17,2
DA:18,2
DA:19,2
DA:20,2
DA:21,2
DA:22,2
DA:23,2
DA:24,2
DA:25,2
DA:26,2
DA:27,1
DA:28,1
DA:29,1
LF:29
LH:29
BRDA:11,0,0,2
BRF:1
BRH:1
end_of_record
TN:
SF:src\presentation\middlewares\requestLogger.ts
FN:4,requestLogger
FNF:1
FNH:1
FNDA:15,requestLogger
DA:1,1
DA:2,1
DA:3,1
DA:4,1
DA:5,15
DA:6,15
DA:7,15
DA:8,15
DA:9,15
DA:10,15
DA:11,15
DA:12,15
DA:13,15
DA:14,15
DA:15,15
DA:16,15
DA:17,15
DA:18,15
DA:19,15
DA:20,0
DA:21,0
DA:22,0
DA:23,15
LF:23
LH:20
BRDA:4,0,0,15
BRDA:4,1,0,15
BRDA:19,2,0,0
BRF:3
BRH:2
end_of_record
